 -------- MiniDAQ Error Summary File -------------
 Number of unexpected data words                        :        48783
 Number of unexpected data words for TDC 0              :        48783
 Number of CSM parity error words                       :        41223
 Number of parity errors in TDC 0                       :        41223
 Number of events with more TDC headers than expected   :           13
 Number of TDC mask words                               :         2101
 Number of TDC mask words in TDC 0                      :         2101
 Number of Empty TDC mask                               :         1406
 Number of extra TDCID=0 in TDCHeader                   :           13
 Number of Requested Stop Run                           :            1
 Number of Total Received Words                         :     54525952
 Number of Data Words                                   :        50963
 Number of Good Cycles                                  :      2865557
 Number of Empty Cycles                                 :      2814595
 Minimum Event Size                                     :      1000000
 Number Buffer Pointer Error                            :            1
 Reported Matched Triggers in SynchWord                 :        12116
 Reported Trigger Low 16 Bits in SynchWord              :        12116
 Reported Trigger High 16 Bits in SynchWord             :        12116
 No data error has been found from data monitor.
