 -------- MiniDAQ Error Summary File -------------
 Number of analyzed events                              :      2374848
 Number of event without TDC hits                       :      2356571
 Number of event without hits in TDC 1                  :      2373242
 Number of event without hits in TDC 8                  :      2358145
 Number of event without hits in TDC 9                  :      2374841
 Number of event without hits in TDC 10                 :      2374847
 Number of event without hits in TDC 11                 :      2374847
 Number of event only with TDC Header & Trailer         :      2356571
 Number of event only with Hds & Trls in TDC 1          :      2373242
 Number of event only with Hds & Trls in TDC 8          :      2358145
 Number of event only with Hds & Trls in TDC 9          :      2374841
 Number of event only with Hds & Trls in TDC 10         :      2374847
 Number of event only with Hds & Trls in TDC 11         :      2374847
 Number of Total Received Words                         :    117964800
 Number of Processed Events                             :      2374848
 Number of Data Words                                   :     23784963
 Number of Data Words for Constructed Events            :        36483
 Number of Good Cycles                                  :      6208674
 Maximum Event Size                                     :           16
 Reported Wrong TTCrx Setup in SynchWord                :      2161577
 Reported Matched Triggers in SynchWord                 :      2374848
 Reported Trigger Low 16 Bits in SynchWord              :      2374848
 Reported Trigger High 16 Bits in SynchWord             :      2374848
 No data error has been found from data monitor.
