 -------- MiniDAQ Error Summary File -------------
 Number of analyzed events                              :        19072
 Number of event without TDC hits                       :        17644
 Number of event without hits in TDC 1                  :        19009
 Number of event without hits in TDC 8                  :        18585
 Number of event without hits in TDC 9                  :        18540
 Number of event without hits in TDC 10                 :        18552
 Number of event without hits in TDC 11                 :        18617
 Number of event only with TDC Header & Trailer         :        17644
 Number of event only with Hds & Trls in TDC 1          :        19009
 Number of event only with Hds & Trls in TDC 8          :        18585
 Number of event only with Hds & Trls in TDC 9          :        18540
 Number of event only with Hds & Trls in TDC 10         :        18552
 Number of event only with Hds & Trls in TDC 11         :        18617
 Number of Total Received Words                         :      1146880
 Number of Processed Events                             :        19072
 Number of Data Words                                   :       204716
 Number of Data Words for Constructed Events            :        52140
 Number of Good Cycles                                  :        60363
 Minimum Event Size                                     :            2
 Maximum Event Size                                     :           46
 Reported Matched Triggers in SynchWord                 :        19072
 Reported Trigger Low 16 Bits in SynchWord              :        19073
 Reported Trigger High 16 Bits in SynchWord             :        19072
 No data error has been found from data monitor.
