 -------- MiniDAQ Error Summary File -------------
 Number of analyzed events                              :        63369
 Number of event without TDC hits                       :           27
 Number of event without hits in TDC 1                  :           29
 Number of event without hits in TDC 8                  :        61638
 Number of event without hits in TDC 9                  :        60981
 Number of event without hits in TDC 10                 :        60939
 Number of event without hits in TDC 11                 :        61733
 Number of event only with TDC Header & Trailer         :           27
 Number of event only with Hds & Trls in TDC 1          :           29
 Number of event only with Hds & Trls in TDC 8          :        61638
 Number of event only with Hds & Trls in TDC 9          :        60981
 Number of event only with Hds & Trls in TDC 10         :        60939
 Number of event only with Hds & Trls in TDC 11         :        61733
 Number of Total Received Words                         :      6160384
 Number of Processed Events                             :        63369
 Number of Data Words                                   :       816057
 Number of Data Words for Constructed Events            :       182367
 Number of Good Cycles                                  :       324231
 Maximum Event Size                                     :           90
 Reported Wrong TTCrx Setup in SynchWord                :        63868
 Reported Matched Triggers in SynchWord                 :        63369
 Reported Trigger Low 16 Bits in SynchWord              :        63369
 Reported Trigger High 16 Bits in SynchWord             :        63369
 No data error has been found from data monitor.
