 -------- MiniDAQ Error Summary File -------------
 Number of analyzed events                              :       995282
 Number of event without TDC hits                       :       991747
 Number of event without hits in TDC 1                  :       993760
 Number of event without hits in TDC 8                  :       994995
 Number of event without hits in TDC 9                  :       994267
 Number of event without hits in TDC 10                 :       994341
 Number of event without hits in TDC 11                 :       995013
 Number of event only with TDC Header & Trailer         :       991747
 Number of event only with Hds & Trls in TDC 1          :       993760
 Number of event only with Hds & Trls in TDC 8          :       994995
 Number of event only with Hds & Trls in TDC 9          :       994267
 Number of event only with Hds & Trls in TDC 10         :       994341
 Number of event only with Hds & Trls in TDC 11         :       995013
 Number of Total Received Words                         :     49496064
 Number of Processed Events                             :       995282
 Number of Data Words                                   :      9966380
 Number of Data Words for Constructed Events            :        13551
 Number of Good Cycles                                  :      2605056
 Maximum Event Size                                     :          192
 Reported Wrong TTCrx Setup in SynchWord                :       218237
 Reported Matched Triggers in SynchWord                 :       995283
 Reported Trigger Low 16 Bits in SynchWord              :       995283
 Reported Trigger High 16 Bits in SynchWord             :       995283
 No data error has been found from data monitor.
