 -------- MiniDAQ Error Summary File -------------
 Number of analyzed events                              :     11536709
 Number of event without TDC hits                       :     11508990
 Number of event without hits in TDC 1                  :     11541074
 Number of event without hits in TDC 8                  :     11533229
 Number of event without hits in TDC 9                  :     11527460
 Number of event without hits in TDC 10                 :     11529927
 Number of event without hits in TDC 11                 :     11527529
 Number of event only with TDC Header & Trailer         :     11508990
 Number of event only with Hds & Trls in TDC 1          :     11536709
 Number of event only with Hds & Trls in TDC 8          :     11533229
 Number of event only with Hds & Trls in TDC 9          :     11527460
 Number of event only with Hds & Trls in TDC 10         :     11529927
 Number of event only with Hds & Trls in TDC 11         :     11527529
 Number of Total Received Words                         :    572063744
 Number of Processed Events                             :     11536709
 Number of Data Words                                   :    115485003
 Number of Data Words for Constructed Events            :       117907
 Number of Good Cycles                                  :     30108619
 Maximum Event Size                                     :           36
 Reported Wrong TTCrx Setup in SynchWord                :      2198384
 Reported Matched Triggers in SynchWord                 :     11536710
 Reported Trigger Low 16 Bits in SynchWord              :     11536710
 Reported Trigger High 16 Bits in SynchWord             :     11536710
 No data error has been found from data monitor.
