 -------- MiniDAQ Error Summary File -------------
 Number of analyzed events                              :      3382842
 Number of event without TDC hits                       :      3327492
 Number of event without hits in TDC 1                  :      3382839
 Number of event without hits in TDC 8                  :      3379968
 Number of event without hits in TDC 9                  :      3362455
 Number of event without hits in TDC 10                 :      3350695
 Number of event without hits in TDC 11                 :      3381555
 Number of event only with TDC Header & Trailer         :      3327492
 Number of event only with Hds & Trls in TDC 1          :      3382839
 Number of event only with Hds & Trls in TDC 8          :      3379968
 Number of event only with Hds & Trls in TDC 9          :      3362455
 Number of event only with Hds & Trls in TDC 10         :      3350695
 Number of event only with Hds & Trls in TDC 11         :      3381555
 Number of Total Received Words                         :    170983424
 Number of Processed Events                             :      3382842
 Number of Data Words                                   :     34048885
 Number of Data Words for Constructed Events            :       220461
 Number of Good Cycles                                  :      8999128
 Maximum Event Size                                     :           46
 Reported Matched Triggers in SynchWord                 :      3382843
 Reported Trigger Low 16 Bits in SynchWord              :      3382843
 Reported Trigger High 16 Bits in SynchWord             :      3382843
 No data error has been found from data monitor.
