 MiniDAQ Run Logfile
 CSM Program Version Number :                                                        0x00F
 CSMVersionDate (YYYYMMDDhh):                                                   2014011411
 CSM Board Status           :                                                      Unknown
 AMT Phase Error Bits Only  :                            (JTAG Instr=0x35) ErrBits=0x00000
 AMT Full Phase Error Bits  :                 (JTAG Instr=0x3c) PhaseErr=0 ErrBits=0x00000
 AMT Full Phase Samples     :   (JTAG Instr=0x3c) PhaseSamples (17-0) = 888888888888888888
 Run Number                 :                                                       187451
 Full DAQ Initialization    :                                                         Done
 DAQ Initialization Status  :                                                      Success
 Run Started Time           :                                     Tue Jan 29 2019 16:42:24
 Data File Name             :                                 dat/run00187451_20190129.dat
 # Event                    :                                                         2196
 # Monitored Event          :                                                         2196
 # Event With Error         :                                                         2196
 # Requested Pause          :                                                            0
 Threshold Settings         :                                                    From User
 # Mezzanine Cards          :                                                            5
 MezzCard Enable Mask(17-0) :                                       00 0000 1111 0000 0010
 Mezz.Card Init. Status     :                                                      Unknown
 # Init. With Same Setting  :                                                            1
 Common Init. Mask(17-0)    :                                       00 0000 0000 0000 0010
 # Init. Individually       :                                                            0
 Individual Init. Mask(17-0):                                       00 0000 0000 0000 0000
 Mezz.Card  1 Init. Status  :                       0x00000001 (Success Init. by SetupAll)
   ASD1 Main Threshold (mV) :                                -32 (DAC Setting Value = 111)
   ASD1 Hysteresis (mV)     :                                     8.75 (Setting Value = 7)
   ASD2 Main Threshold (mV) :                                -32 (DAC Setting Value = 111)
   ASD2 Hysteresis (mV)     :                                     8.75 (Setting Value = 7)
   ASD3 Main Threshold (mV) :                                -32 (DAC Setting Value = 111)
   ASD3 Hysteresis (mV)     :                                     8.75 (Setting Value = 7)
   ASD1 Calib.Capacitor (fF):                                    50 (Calib.Cap. Value = 0)
   ASD1 Wil.Integ.Gate (ns) :                          15.5 (W.Integration Gate Value = 3)
   ASD1 Wil.RundownCurr.(uA):                            4.5 (W.Rundown Current Value = 4)
   ASD1 Wil. Threshold (mV) :                           94 (Wilkinson Threshold Value = 2)
   ASD1 Deadtime (ns)       :                                   536.3 (Deadtime Value = 7)
   ASD1 Chip Mode           :                                         ADC (Mode Value = 1)
   ASD2 Calib.Capacitor (fF):                                    50 (Calib.Cap. Value = 0)
   ASD2 Wil.Integ.Gate (ns) :                          15.5 (W.Integration Gate Value = 3)
   ASD2 Wil.RundownCurr.(uA):                            4.5 (W.Rundown Current Value = 4)
   ASD2 Wil. Threshold (mV) :                           94 (Wilkinson Threshold Value = 2)
   ASD2 Deadtime (ns)       :                                   536.3 (Deadtime Value = 7)
   ASD2 Chip Mode           :                                         ADC (Mode Value = 1)
   ASD3 Calib.Capacitor (fF):                                    50 (Calib.Cap. Value = 0)
   ASD3 Wil.Integ.Gate (ns) :                          15.5 (W.Integration Gate Value = 3)
   ASD3 Wil.RundownCurr.(uA):                            4.5 (W.Rundown Current Value = 4)
   ASD3 Wil. Threshold (mV) :                           94 (Wilkinson Threshold Value = 2)
   ASD3 Deadtime (ns)       :                                   536.3 (Deadtime Value = 7)
   ASD3 Chip Mode           :                                         ADC (Mode Value = 1)
   AMT Match Window (us)    :                              1.275 (Match Window Value = 50)
   AMT Channel Enable Mask  :                                                   0x00FFFFFF
   ASD Channel Enable Mask  :                                                   0x00000000
   AMT Setup Array (179-120): 111111111111111111111111000111111111110101111001101111111011
   AMT Setup Array (119- 60): 100000000001111111111111000000000000111110101111000000000000
   AMT Setup Array ( 59-  0): 111110000111000000110010000001001011000000011110000100000100
   ASD3 Setup Array( 52-  0):        00000000000000000111001110011100101111011000000000000
   ASD2 Setup Array( 52-  0):        00000000000000000111001110011100101111011000000000000
   ASD1 Setup Array( 52-  0):        00000000000000000111001110011100101111011000000000000
 CSM JTAG Device Enable     :                                                            1
 CSM (VertexII) Init. Status:                                                      Unknown
   AMT Command Delay        :                                                           60
   CSM Setup Array ( 71- 60):                                                 110010001100
   CSM Setup Array ( 59-  0): 001100001101001010010000110000000011110000000000111100000010
   CSM Internal Status      :                                                        Ready
   CSM StatusArray (205-180):                                   11111111111111111111111111
   CSM StatusArray (179-120): 111111111111111111111111111111111111111111111111111111111111
   CSM StatusArray (119- 60): 111111111111111111111111111111111111111111111111111111111110
   CSM StatusArray ( 59-  0): 100000000000000000000000000000000000000000000000000000001111
 TTCrx Enable               :                                                            1
 TTCrx Init. Status         :                                                      Unknown
   TTCrxSetupArray ( 79- 60):                                         10100111100101010001
   TTCrxSetupArray ( 59-  0): 101000000000000000000000000000100011000000000000000000000000
 GOL Enable                 :                                                            0
 MDT Chamber HV Status      :                                                            3
 Suppress CSM Header        :                                                            1
 Suppress CSM Trailer       :                                                            1
 Suppress TDC Header        :                                                            1
 Suppress TDC Trailer       :                                                            1
 Setted Trigger Deadtime (%):                                                            0
 TTCvi Event Number         :                                                         7023
 TTCvi Trigger Selection    :                                                            1
 TrigRate (Hz) (Ave Min Max):                       119.0000       218.5128       218.5128
 DAQ Rate (Hz) (Ave Min Max):                       363.0000       207.9546       465.6989
 Event Size    (Ave Min Max):                         4.4299              0             44
 DAQ Time                   :                                                     0H 0M 6S
 Run Stopped Time           :                                     Tue Jan 29 2019 16:42:42
