 MiniDAQ Run Logfile
 CSM Program Version Number :                                                        0x001
 CSMVersionDate (YYYYMMDDhh):                                                   2014011411
 CSM Board Status           :                                                  JTAG Failed
 AMT Phase Error Bits Only  :                            (JTAG Instr=0x35) ErrBits=0x02001
 AMT Full Phase Error Bits  :                 (JTAG Instr=0x3c) PhaseErr=1 ErrBits=0x02001
 AMT Full Phase Samples     :   (JTAG Instr=0x3c) PhaseSamples (17-0) = FC0703C059D444A828
 Run Number                 :                                                       187165
 Full DAQ Initialization    :                                                         Done
 DAQ Initialization Status  :                                                       Failed
 Run Started Time           :                                     Sun Dec 30 2018 19:51:49
 Data File Name             :                                 dat/run00187165_20181230.dat
 # Event                    :                                                            0
 # Monitored Event          :                                                            0
 # Event With Error         :                                                            0
 # Requested Pause          :                                                            0
 Threshold Settings         :                                                    From User
 # Mezzanine Cards          :                                                            2
 MezzCard Enable Mask(17-0) :                                       00 0000 0000 0000 0011
 Mezz.Card Init. Status     :                                                    Not Apply
 # Init. With Same Setting  :                                                            0
 Common Init. Mask(17-0)    :                                       00 0000 0000 0000 0000
 # Init. Individually       :                                                            0
 Individual Init. Mask(17-0):                                       00 0000 0000 0000 0000
 CSM JTAG Device Enable     :                                                            1
 CSM (VertexII) Init. Status:                                                       Failed
   AMT Command Delay        :                                                           60
   CSM Setup Array ( 71- 60):                                                 110010001100
   CSM Setup Array ( 59-  0): 001100001101001000010000110000000011110000000000000000000011
   CSM Internal Status      :                                                        Ready
   CSM StatusArray (205-180):                                   00000000000000000001000000
   CSM StatusArray (179-120): 000000010011111111111111111111111111111111111111111111111010
   CSM StatusArray (119- 60): 110001110010001100011100100100000001111111111100000011100000
   CSM StatusArray ( 59-  0): 000110011011101001001001001010100000101000000010000000000001
 TTCrx Enable               :                                                            1
 TTCrx Init. Status         :                                                       Failed
   TTCrxSetupArray ( 79- 60):                                         10100111100101010001
   TTCrxSetupArray ( 59-  0): 101000000000000000000000000000100011000000000000000000000000
 GOL Enable                 :                                                            0
 MDT Chamber HV Status      :                                                            3
 Suppress CSM Header        :                                                            1
 Suppress CSM Trailer       :                                                            1
 Suppress TDC Header        :                                                            1
 Suppress TDC Trailer       :                                                            1
 Setted Trigger Deadtime (%):                                                            0
 TTCvi Event Number         :                                                       337817
 TTCvi Trigger Selection    :                                                            5
 TTCvi Trigger Rate (Hz)    :                                                         5000
 TrigRate (Hz) (Ave Min Max):                      9514.9187      9370.0762      9641.0586
 DAQ Rate (Hz) (Ave Min Max):                         0.0000         0.0000         0.0000
 Event Size    (Ave Min Max):                         0.0000              0              0
 DAQ Time                   :                                                     0H 0M38S
 Run Stopped Time           :                                     Sun Dec 30 2018 19:52:30
