 -------- MiniDAQ Error Summary File -------------
 Number of analyzed events                              :       101573
 Number of event without TDC hits                       :        99710
 Number of event without hits in TDC 1                  :       100880
 Number of event without hits in TDC 8                  :       101316
 Number of event without hits in TDC 9                  :       101101
 Number of event without hits in TDC 10                 :       101121
 Number of event without hits in TDC 11                 :       101365
 Number of event only with TDC Header & Trailer         :        99710
 Number of event only with Hds & Trls in TDC 1          :       100880
 Number of event only with Hds & Trls in TDC 8          :       101316
 Number of event only with Hds & Trls in TDC 9          :       101101
 Number of event only with Hds & Trls in TDC 10         :       101121
 Number of event only with Hds & Trls in TDC 11         :       101365
 Number of Total Received Words                         :      5111808
 Number of Processed Events                             :       101573
 Number of Data Words                                   :      1021018
 Number of Data Words for Constructed Events            :         5281
 Number of Good Cycles                                  :       269043
 Maximum Event Size                                     :           52
 Reported Matched Triggers in SynchWord                 :       101574
 Reported Trigger Low 16 Bits in SynchWord              :       101574
 Reported Trigger High 16 Bits in SynchWord             :       101574
 No data error has been found from data monitor.
