 -------- MiniDAQ Error Summary File -------------
 Number of analyzed events                              :        22979
 Number of event without TDC hits                       :        22869
 Number of event without hits in TDC 1                  :        22970
 Number of event without hits in TDC 8                  :        22972
 Number of event without hits in TDC 9                  :        22917
 Number of event without hits in TDC 10                 :        22943
 Number of event without hits in TDC 11                 :        22973
 Number of event only with TDC Header & Trailer         :        22869
 Number of event only with Hds & Trls in TDC 1          :        22970
 Number of event only with Hds & Trls in TDC 8          :        22972
 Number of event only with Hds & Trls in TDC 9          :        22917
 Number of event only with Hds & Trls in TDC 10         :        22943
 Number of event only with Hds & Trls in TDC 11         :        22973
 Number of Total Received Words                         :      1146880
 Number of Processed Events                             :        22979
 Number of Data Words                                   :       230544
 Number of Data Words for Constructed Events            :          754
 Number of Good Cycles                                  :        60363
 Maximum Event Size                                     :          180
 Reported Matched Triggers in SynchWord                 :        22979
 Reported Trigger Low 16 Bits in SynchWord              :        22980
 Reported Trigger High 16 Bits in SynchWord             :        22979
 No data error has been found from data monitor.
