 -------- MiniDAQ Error Summary File -------------
 Number of mismatched EVID                              :            1
 Number of unexpected data words                        :     35712871
 Number of unexpected data words for TDC 0              :      1984059
 Number of unexpected data words for TDC 1              :      1984034
 Number of unexpected data words for TDC 2              :      1984057
 Number of unexpected data words for TDC 3              :      1984059
 Number of unexpected data words for TDC 4              :      1984058
 Number of unexpected data words for TDC 5              :      1984058
 Number of unexpected data words for TDC 6              :      1984057
 Number of unexpected data words for TDC 7              :      1984055
 Number of unexpected data words for TDC 8              :      1984028
 Number of unexpected data words for TDC 9              :      1984034
 Number of unexpected data words for TDC 10             :      1984030
 Number of unexpected data words for TDC 11             :      1984034
 Number of unexpected data words for TDC 12             :      1984053
 Number of unexpected data words for TDC 13             :      1984054
 Number of unexpected data words for TDC 14             :      1984052
 Number of unexpected data words for TDC 15             :      1984050
 Number of unexpected data words for TDC 16             :      1984050
 Number of unexpected data words for TDC 17             :      1984049
 Number of CSM parity error words                       :     35711834
 Number of parity errors in TDC 0                       :      1983987
 Number of parity errors in TDC 1                       :      1983995
 Number of parity errors in TDC 2                       :      1983990
 Number of parity errors in TDC 3                       :      1983988
 Number of parity errors in TDC 4                       :      1983992
 Number of parity errors in TDC 5                       :      1984003
 Number of parity errors in TDC 6                       :      1983989
 Number of parity errors in TDC 7                       :      1983989
 Number of parity errors in TDC 8                       :      1983998
 Number of parity errors in TDC 9                       :      1983994
 Number of parity errors in TDC 10                      :      1983977
 Number of parity errors in TDC 11                      :      1983991
 Number of parity errors in TDC 12                      :      1983990
 Number of parity errors in TDC 13                      :      1983993
 Number of parity errors in TDC 14                      :      1983988
 Number of parity errors in TDC 15                      :      1983995
 Number of parity errors in TDC 16                      :      1983993
 Number of parity errors in TDC 17                      :      1983982
 Number of mismatched EVID in TDC trailer               :            1
 Number of mismatched EVID in TDC trailer for TDC 11    :            1
 Number of events with more TDC headers than expected   :           10
 Number of events with more TDC trailers than expected  :           13
 Number of TDC soft-error words                         :           39
 Number of TDC hard-error words                         :           27
 Number of TDC error words                              :           39
 Number of TDC coarse count errors                      :           19
 Number of TDC channel select errors                    :           25
 Number of TDC level 1 buffer errors                    :           22
 Number of TDC trigger FIFO errors                      :           10
 Number of TDC matching state errors                    :           14
 Number of TDC readout FIFO errors                      :           32
 Number of TDC readout state errors                     :           29
 Number of TDC control parity errors                    :           23
 Number of TDC JTAG parity errors                       :           18
 Number of TDC level 1 buffer overflow                  :           21
 Number of TDC trigger FIFO overflow                    :           25
 Number of TDC readout FIFO overflow                    :           12
 Number of TDC hit errors                               :           12
 Number of TDC channel buffer overflow                  :           29
 Number of TDC error words in TDC 1                     :            8
 Number of TDC error words in TDC 8                     :            8
 Number of TDC error words in TDC 9                     :            7
 Number of TDC error words in TDC 10                    :           10
 Number of TDC error words in TDC 11                    :            6
 Number of TDC mask words                               :           27
 Number of TDC mask words in TDC 1                      :            4
 Number of TDC mask words in TDC 8                      :            8
 Number of TDC mask words in TDC 9                      :            6
 Number of TDC mask words in TDC 10                     :            6
 Number of TDC mask words in TDC 11                     :            3
 Number of TDC debug words                              :           76
 Number of TDC debug words in TDC 1                     :           15
 Number of TDC debug words in TDC 8                     :           16
 Number of TDC debug words in TDC 9                     :           15
 Number of TDC debug words in TDC 10                    :           15
 Number of TDC debug words in TDC 11                    :           15
 Number of extra TDCID=4 in TDCHeader                   :            1
 Number of extra TDCID=5 in TDCHeader                   :            1
 Number of extra TDCID=13 in TDCHeader                  :            2
 Number of extra TDCID=14 in TDCHeader                  :            3
 Number of extra TDCID=15 in TDCHeader                  :            1
 Number of extra TDCID=16 in TDCHeader                  :            1
 Number of extra TDCID=17 in TDCHeader                  :            1
 Number of extra TDCID=2 in TDCTrailer                  :            2
 Number of extra TDCID=6 in TDCTrailer                  :            1
 Number of extra TDCID=7 in TDCTrailer                  :            2
 Number of extra TDCID=12 in TDCTrailer                 :            3
 Number of extra TDCID=15 in TDCTrailer                 :            3
 Number of extra TDCID=16 in TDCTrailer                 :            1
 Number of extra TDCID=17 in TDCTrailer                 :            1
 Number of continued same edge                          :            1
 Number of continued same edge in TDC 8                 :            1
 Number of continued trailing edge                      :            1
 Number of continued trailing edge in TDC 8             :            1
 Number of Discarded TDC Words by CSM                   :         3623
 Number of Discarded TDC Words by CSM in TDC 11         :         3623
 Number of Expected TDC WC Error                        :            1
 Number of Expected TDC WC Error in TDC 11              :            1
 Number of CSM FIFO Overflow 1                          :           10
 Number of CSM FIFO Overflow 1 in TDC 1                 :            3
 Number of CSM FIFO Overflow 1 in TDC 8                 :            1
 Number of CSM FIFO Overflow 1 in TDC 9                 :            1
 Number of CSM FIFO Overflow 1 in TDC 10                :            4
 Number of CSM FIFO Overflow 1 in TDC 11                :            1
 Number of CSM FIFO Overflow 2                          :           17
 Number of CSM FIFO Overflow 2 in TDC 1                 :            3
 Number of CSM FIFO Overflow 2 in TDC 8                 :            5
 Number of CSM FIFO Overflow 2 in TDC 9                 :            2
 Number of CSM FIFO Overflow 2 in TDC 10                :            5
 Number of CSM FIFO Overflow 2 in TDC 11                :            2
 Number of CSM FIFO Overflow 1&2                        :            9
 Number of CSM FIFO Overflow 1&2 in TDC 1               :            2
 Number of CSM FIFO Overflow 1&2 in TDC 8               :            1
 Number of CSM FIFO Overflow 1&2 in TDC 9               :            1
 Number of CSM FIFO Overflow 1&2 in TDC 10              :            4
 Number of CSM FIFO Overflow 1&2 in TDC 11              :            1
 Number of Requested Pause Run                          :            1
 Number of Total Received Words                         :     35713024
 Number of Data Words                                   :     35713017
 Number of Bad Cycles                                   :            7
 Number of Bad Cycles at Beginning                      :         8719
 Minimum Event Size                                     :      1000000
 Number Buffer Pointer Error                            :            1
 Number of Parity Error (CSM to GOLACard)               :     35712335
 Number of Parity Error (CSM to GOLACard) in TDC 0      :      1984014
 Number of Parity Error (CSM to GOLACard) in TDC 1      :      1984010
 Number of Parity Error (CSM to GOLACard) in TDC 2      :      1984021
 Number of Parity Error (CSM to GOLACard) in TDC 3      :      1984019
 Number of Parity Error (CSM to GOLACard) in TDC 4      :      1984018
 Number of Parity Error (CSM to GOLACard) in TDC 5      :      1984022
 Number of Parity Error (CSM to GOLACard) in TDC 6      :      1984018
 Number of Parity Error (CSM to GOLACard) in TDC 7      :      1984016
 Number of Parity Error (CSM to GOLACard) in TDC 8      :      1984021
 Number of Parity Error (CSM to GOLACard) in TDC 9      :      1984015
 Number of Parity Error (CSM to GOLACard) in TDC 10     :      1984015
 Number of Parity Error (CSM to GOLACard) in TDC 11     :      1984014
 Number of Parity Error (CSM to GOLACard) in TDC 12     :      1984020
 Number of Parity Error (CSM to GOLACard) in TDC 13     :      1984022
 Number of Parity Error (CSM to GOLACard) in TDC 14     :      1984019
 Number of Parity Error (CSM to GOLACard) in TDC 15     :      1984022
 Number of Parity Error (CSM to GOLACard) in TDC 16     :      1984021
 Number of Parity Error (CSM to GOLACard) in TDC 17     :      1984024
 Reported LHC Clock Unlocked in SynchWord               :            1
 Reported XMT1 Clock Unlocked in SynchWord              :            1
 Reported I2C operation failure in SynchWord            :            1
 Reported Wrong TTCrx Setup in SynchWord                :            1
 Reported CSM Error in SynchWord                        :            1
 Number of Unknown SynchWord                            :            2
 No data error has been found from data monitor.
