 -------- MiniDAQ Error Summary File -------------
 Number of analyzed events                              :       250196
 Number of event without TDC hits                       :           92
 Number of event without hits in TDC 1                  :           96
 Number of event without hits in TDC 8                  :       243545
 Number of event without hits in TDC 9                  :       242512
 Number of event without hits in TDC 10                 :       242681
 Number of event without hits in TDC 11                 :       243713
 Number of event only with TDC Header & Trailer         :           92
 Number of event only with Hds & Trls in TDC 1          :           96
 Number of event only with Hds & Trls in TDC 8          :       243545
 Number of event only with Hds & Trls in TDC 9          :       242512
 Number of event only with Hds & Trls in TDC 10         :       242681
 Number of event only with Hds & Trls in TDC 11         :       243713
 Number of Total Received Words                         :     24412160
 Number of Processed Events                             :       250196
 Number of Data Words                                   :      3221119
 Number of Data Words for Constructed Events            :       719152
 Number of Good Cycles                                  :      1284851
 Maximum Event Size                                     :          321
 Reported Wrong TTCrx Setup in SynchWord                :       195030
 Reported Matched Triggers in SynchWord                 :       250197
 Reported Trigger Low 16 Bits in SynchWord              :       250197
 Reported Trigger High 16 Bits in SynchWord             :       250197
 No data error has been found from data monitor.
