 -------- MiniDAQ Error Summary File -------------
 Number of analyzed events                              :          168
 Number of event without hits in TDC 8                  :          163
 Number of event without hits in TDC 9                  :          162
 Number of event without hits in TDC 10                 :          166
 Number of event without hits in TDC 11                 :          162
 Number of event only with Hds & Trls in TDC 8          :          163
 Number of event only with Hds & Trls in TDC 9          :          162
 Number of event only with Hds & Trls in TDC 10         :          166
 Number of event only with Hds & Trls in TDC 11         :          162
 Number of Total Received Words                         :        16384
 Number of Processed Events                             :          168
 Number of Data Words                                   :         2149
 Number of Data Words for Constructed Events            :          469
 Number of Good Cycles                                  :          863
 Minimum Event Size                                     :            1
 Maximum Event Size                                     :           18
 Reported Matched Triggers in SynchWord                 :          168
 Reported Trigger Low 16 Bits in SynchWord              :          168
 Reported Trigger High 16 Bits in SynchWord             :          168
 No data error has been found from data monitor.
