 -------- MiniDAQ Error Summary File -------------
 Number of analyzed events                              :          398
 Number of event without TDC hits                       :            4
 Number of event without hits in TDC 1                  :           11
 Number of event without hits in TDC 8                  :          341
 Number of event without hits in TDC 9                  :          272
 Number of event without hits in TDC 10                 :          265
 Number of event without hits in TDC 11                 :          333
 Number of event only with TDC Header & Trailer         :            4
 Number of event only with Hds & Trls in TDC 1          :           11
 Number of event only with Hds & Trls in TDC 8          :          341
 Number of event only with Hds & Trls in TDC 9          :          272
 Number of event only with Hds & Trls in TDC 10         :          265
 Number of event only with Hds & Trls in TDC 11         :          333
 Number of Total Received Words                         :        61440
 Number of Processed Events                             :          398
 Number of Data Words                                   :         7428
 Number of Data Words for Constructed Events            :         3434
 Number of Good Cycles                                  :         3234
 Maximum Event Size                                     :           32
 Reported Matched Triggers in SynchWord                 :          399
 Reported Trigger Low 16 Bits in SynchWord              :          399
 Reported Trigger High 16 Bits in SynchWord             :          399
 No data error has been found from data monitor.
