 -------- MiniDAQ Error Summary File -------------
 Number of word counter error                           :            4
 Number of mismatched BCID                              :            8
 Number of mismatched TDC BCID                          :            8
 Number of mismatched TDC BCID for TDC 1                :            2
 Number of mismatched TDC BCID for TDC 8                :            2
 Number of mismatched TDC BCID for TDC 9                :            2
 Number of mismatched TDC BCID for TDC 11               :            2
 Number of TDC hard-error words                         :          126
 Number of TDC error words                              :          126
 Number of TDC error words in TDC 11                    :          126
 Number of TDC mask words                               :          126
 Number of TDC mask words in TDC 11                     :          126
 Number of TDC word counter mismatch                    :            4
 Number of TDC 11 word counter mismatch                 :            4
 Number of Requested Stop Run                           :            1
 Number of Total Received Words                         :       131072
 Number of Data Words                                   :         1168
 Number of Good Cycles                                  :          442
 Minimum Event Size                                     :      1000000
 Number Buffer Pointer Error                            :            6
 Reported Wrong TTCrx Setup in SynchWord                :          442
 Reported Matched Triggers in SynchWord                 :          126
 Reported Trigger Low 16 Bits in SynchWord              :          126
 Reported Trigger High 16 Bits in SynchWord             :          126
 No data error has been found from data monitor.
