 -------- MiniDAQ Error Summary File -------------
 Number of analyzed events                              :        68557
 Number of event without TDC hits                       :        68059
 Number of event without hits in TDC 1                  :        68186
 Number of event without hits in TDC 8                  :        68552
 Number of event without hits in TDC 9                  :        68490
 Number of event without hits in TDC 10                 :        68510
 Number of event without hits in TDC 11                 :        68549
 Number of event only with TDC Header & Trailer         :        68059
 Number of event only with Hds & Trls in TDC 1          :        68186
 Number of event only with Hds & Trls in TDC 8          :        68552
 Number of event only with Hds & Trls in TDC 9          :        68490
 Number of event only with Hds & Trls in TDC 10         :        68510
 Number of event only with Hds & Trls in TDC 11         :        68549
 Number of Total Received Words                         :      3407872
 Number of Processed Events                             :        68557
 Number of Data Words                                   :       686548
 Number of Data Words for Constructed Events            :          973
 Number of Good Cycles                                  :       179362
 Maximum Event Size                                     :            2
 Reported Matched Triggers in SynchWord                 :        68557
 Reported Trigger Low 16 Bits in SynchWord              :        68558
 Reported Trigger High 16 Bits in SynchWord             :        68557
 No data error has been found from data monitor.
