 -------- MiniDAQ Error Summary File -------------
 Number of analyzed events                              :       155078
 Number of event without TDC hits                       :          257
 Number of event without hits in TDC 1                  :          269
 Number of event without hits in TDC 8                  :       151066
 Number of event without hits in TDC 9                  :       150496
 Number of event without hits in TDC 10                 :       150521
 Number of event without hits in TDC 11                 :       151060
 Number of event only with TDC Header & Trailer         :          257
 Number of event only with Hds & Trls in TDC 1          :          269
 Number of event only with Hds & Trls in TDC 8          :       151066
 Number of event only with Hds & Trls in TDC 9          :       150496
 Number of event only with Hds & Trls in TDC 10         :       150521
 Number of event only with Hds & Trls in TDC 11         :       151060
 Number of Total Received Words                         :     14794752
 Number of Processed Events                             :       155078
 Number of Data Words                                   :      1976476
 Number of Data Words for Constructed Events            :       425690
 Number of Good Cycles                                  :       778672
 Maximum Event Size                                     :          247
 Reported Wrong TTCrx Setup in SynchWord                :       193871
 Reported Matched Triggers in SynchWord                 :       155079
 Reported Trigger Low 16 Bits in SynchWord              :       155079
 Reported Trigger High 16 Bits in SynchWord             :       155079
 No data error has been found from data monitor.
