 -------- MiniDAQ Error Summary File -------------
 Number of word counter error                           :           64
 Number of TDC hard-error words                         :          192
 Number of TDC error words                              :          192
 Number of TDC error words in TDC 9                     :           96
 Number of TDC error words in TDC 10                    :           96
 Number of TDC mask words                               :          192
 Number of TDC mask words in TDC 9                      :           96
 Number of TDC mask words in TDC 10                     :           96
 Number of TDC word counter mismatch                    :           64
 Number of TDC 9 word counter mismatch                  :           32
 Number of TDC 10 word counter mismatch                 :           32
 Number of Requested Stop Run                           :            1
 Number of Total Received Words                         :       131072
 Number of Data Words                                   :          946
 Number of Good Cycles                                  :          320
 Minimum Event Size                                     :      1000000
 Number Buffer Pointer Error                            :           34
 Reported Matched Triggers in SynchWord                 :           94
 Reported Trigger Low 16 Bits in SynchWord              :           96
 Reported Trigger High 16 Bits in SynchWord             :           94
 No data error has been found from data monitor.
