 -------- MiniDAQ Error Summary File -------------
 Number of analyzed events                              :     11503124
 Number of event without TDC hits                       :     11469890
 Number of event without hits in TDC 1                  :     11503124
 Number of event without hits in TDC 8                  :     11498840
 Number of event without hits in TDC 9                  :     11491340
 Number of event without hits in TDC 10                 :     11493926
 Number of event without hits in TDC 11                 :     11494127
 Number of event only with TDC Header & Trailer         :     11469890
 Number of event only with Hds & Trls in TDC 1          :     11503124
 Number of event only with Hds & Trls in TDC 8          :     11498840
 Number of event only with Hds & Trls in TDC 9          :     11491340
 Number of event only with Hds & Trls in TDC 10         :     11493926
 Number of event only with Hds & Trls in TDC 11         :     11494127
 Number of Total Received Words                         :    570818560
 Number of Processed Events                             :     11503124
 Number of Data Words                                   :    115222316
 Number of Data Words for Constructed Events            :       141453
 Number of Good Cycles                                  :     30043083
 Maximum Event Size                                     :           43
 Reported Wrong TTCrx Setup in SynchWord                :      2263598
 Reported Matched Triggers in SynchWord                 :     11503125
 Reported Trigger Low 16 Bits in SynchWord              :     11503125
 Reported Trigger High 16 Bits in SynchWord             :     11503125
 No data error has been found from data monitor.
