 -------- MiniDAQ Error Summary File -------------
 Number of mismatched EVID                              :            4
 Number of unexpected data words                        :     30642921
 Number of unexpected data words for TDC 0              :      1666618
 Number of unexpected data words for TDC 1              :      1666589
 Number of unexpected data words for TDC 2              :      1666617
 Number of unexpected data words for TDC 3              :      1666616
 Number of unexpected data words for TDC 4              :      1666616
 Number of unexpected data words for TDC 5              :      1666616
 Number of unexpected data words for TDC 6              :      1666616
 Number of unexpected data words for TDC 7              :      1666616
 Number of unexpected data words for TDC 8              :      1666589
 Number of unexpected data words for TDC 9              :      1666584
 Number of unexpected data words for TDC 10             :      1666589
 Number of unexpected data words for TDC 11             :      1666595
 Number of unexpected data words for TDC 12             :      1666615
 Number of unexpected data words for TDC 13             :      1666614
 Number of unexpected data words for TDC 14             :      1666613
 Number of unexpected data words for TDC 15             :      1666613
 Number of unexpected data words for TDC 16             :      1666614
 Number of unexpected data words for TDC 17             :      1666612
 Number of CSM parity error words                       :     29997901
 Number of parity errors in TDC 0                       :      1666547
 Number of parity errors in TDC 1                       :      1666549
 Number of parity errors in TDC 2                       :      1666553
 Number of parity errors in TDC 3                       :      1666547
 Number of parity errors in TDC 4                       :      1666552
 Number of parity errors in TDC 5                       :      1666543
 Number of parity errors in TDC 6                       :      1666548
 Number of parity errors in TDC 7                       :      1666550
 Number of parity errors in TDC 8                       :      1666550
 Number of parity errors in TDC 9                       :      1666540
 Number of parity errors in TDC 10                      :      1666561
 Number of parity errors in TDC 11                      :      1666551
 Number of parity errors in TDC 12                      :      1666552
 Number of parity errors in TDC 13                      :      1666555
 Number of parity errors in TDC 14                      :      1666553
 Number of parity errors in TDC 15                      :      1666550
 Number of parity errors in TDC 16                      :      1666552
 Number of parity errors in TDC 17                      :      1666548
 Number of mismatched EVID in TDC trailer               :            4
 Number of mismatched EVID in TDC trailer for TDC 1     :            1
 Number of mismatched EVID in TDC trailer for TDC 9     :            1
 Number of mismatched EVID in TDC trailer for TDC 10    :            2
 Number of events with more TDC headers than expected   :           14
 Number of events with more TDC trailers than expected  :            5
 Number of TDC soft-error words                         :           49
 Number of TDC hard-error words                         :           36
 Number of TDC error words                              :           49
 Number of TDC coarse count errors                      :           27
 Number of TDC channel select errors                    :           26
 Number of TDC level 1 buffer errors                    :           21
 Number of TDC trigger FIFO errors                      :           13
 Number of TDC matching state errors                    :           14
 Number of TDC readout FIFO errors                      :           39
 Number of TDC readout state errors                     :           39
 Number of TDC control parity errors                    :           26
 Number of TDC JTAG parity errors                       :           21
 Number of TDC level 1 buffer overflow                  :           25
 Number of TDC trigger FIFO overflow                    :           27
 Number of TDC readout FIFO overflow                    :           17
 Number of TDC hit errors                               :           13
 Number of TDC channel buffer overflow                  :           34
 Number of TDC error words in TDC 1                     :            9
 Number of TDC error words in TDC 8                     :           15
 Number of TDC error words in TDC 9                     :           13
 Number of TDC error words in TDC 10                    :            8
 Number of TDC error words in TDC 11                    :            4
 Number of TDC mask words                               :           36
 Number of TDC mask words in TDC 1                      :            7
 Number of TDC mask words in TDC 8                      :           12
 Number of TDC mask words in TDC 9                      :            8
 Number of TDC mask words in TDC 10                     :            5
 Number of TDC mask words in TDC 11                     :            4
 Number of TDC debug words                              :           67
 Number of TDC debug words in TDC 1                     :           19
 Number of TDC debug words in TDC 8                     :            8
 Number of TDC debug words in TDC 9                     :           13
 Number of TDC debug words in TDC 10                    :           13
 Number of TDC debug words in TDC 11                    :           14
 Number of extra TDCID=2 in TDCHeader                   :            2
 Number of extra TDCID=3 in TDCHeader                   :            2
 Number of extra TDCID=4 in TDCHeader                   :            1
 Number of extra TDCID=5 in TDCHeader                   :            2
 Number of extra TDCID=6 in TDCHeader                   :            2
 Number of extra TDCID=7 in TDCHeader                   :            1
 Number of extra TDCID=14 in TDCHeader                  :            1
 Number of extra TDCID=15 in TDCHeader                  :            1
 Number of extra TDCID=17 in TDCHeader                  :            2
 Number of extra TDCID=0 in TDCTrailer                  :            2
 Number of extra TDCID=3 in TDCTrailer                  :            1
 Number of extra TDCID=4 in TDCTrailer                  :            2
 Number of continued same edge                          :            2
 Number of continued same edge in TDC 1                 :            1
 Number of continued same edge in TDC 10                :            1
 Number of continued trailing edge                      :            2
 Number of continued trailing edge in TDC 1             :            1
 Number of continued trailing edge in TDC 10            :            1
 Number of TDCtime in wrong order                       :            1
 Number of TDCtime in wrong order in TDC 9              :            1
 Number of BCID Mismatch due to TDC TrigFIFO Overflow   :            1
 Number of Discarded TDC Trailing/Mask by CSM           :          118
 Number of Discarded TDC Trailing/Mask by CSM in TDC 10 :          118
 Number of Discarded TDC Leading/Error by CSM           :         3625
 Number of Discarded TDC Leading/Mask by CSM in TDC 1   :         3625
 Number of Discarded TDC Words by CSM                   :        11145
 Number of Discarded TDC Words by CSM in TDC 1          :         3625
 Number of Discarded TDC Words by CSM in TDC 9          :         3649
 Number of Discarded TDC Words by CSM in TDC 10         :         3871
 Number of Expected TDC WC Error                        :            4
 Number of Expected TDC WC Error in TDC 1               :            1
 Number of Expected TDC WC Error in TDC 9               :            1
 Number of Expected TDC WC Error in TDC 10              :            2
 Number of CSM FIFO Overflow 1                          :            7
 Number of CSM FIFO Overflow 1 in TDC 8                 :            2
 Number of CSM FIFO Overflow 1 in TDC 9                 :            1
 Number of CSM FIFO Overflow 1 in TDC 10                :            4
 Number of CSM FIFO Overflow 2                          :           22
 Number of CSM FIFO Overflow 2 in TDC 1                 :            3
 Number of CSM FIFO Overflow 2 in TDC 8                 :            8
 Number of CSM FIFO Overflow 2 in TDC 9                 :            4
 Number of CSM FIFO Overflow 2 in TDC 10                :            6
 Number of CSM FIFO Overflow 2 in TDC 11                :            1
 Number of CSM FIFO Overflow 1&2                        :            4
 Number of CSM FIFO Overflow 1&2 in TDC 9               :            1
 Number of CSM FIFO Overflow 1&2 in TDC 10              :            3
 Number of Requested Pause Run                          :            1
 Number of Total Received Words                         :     29999104
 Number of Data Words                                   :     29999099
 Number of Bad Cycles                                   :            5
 Number of Bad Cycles at Beginning                      :         1831
 Minimum Event Size                                     :      1000000
 Number Buffer Pointer Error                            :            1
 Number of Parity Error (CSM to GOLACard)               :     29998408
 Number of Parity Error (CSM to GOLACard) in TDC 0      :      1666582
 Number of Parity Error (CSM to GOLACard) in TDC 1      :      1666586
 Number of Parity Error (CSM to GOLACard) in TDC 2      :      1666578
 Number of Parity Error (CSM to GOLACard) in TDC 3      :      1666577
 Number of Parity Error (CSM to GOLACard) in TDC 4      :      1666581
 Number of Parity Error (CSM to GOLACard) in TDC 5      :      1666578
 Number of Parity Error (CSM to GOLACard) in TDC 6      :      1666576
 Number of Parity Error (CSM to GOLACard) in TDC 7      :      1666579
 Number of Parity Error (CSM to GOLACard) in TDC 8      :      1666578
 Number of Parity Error (CSM to GOLACard) in TDC 9      :      1666578
 Number of Parity Error (CSM to GOLACard) in TDC 10     :      1666578
 Number of Parity Error (CSM to GOLACard) in TDC 11     :      1666581
 Number of Parity Error (CSM to GOLACard) in TDC 12     :      1666569
 Number of Parity Error (CSM to GOLACard) in TDC 13     :      1666584
 Number of Parity Error (CSM to GOLACard) in TDC 14     :      1666575
 Number of Parity Error (CSM to GOLACard) in TDC 15     :      1666569
 Number of Parity Error (CSM to GOLACard) in TDC 16     :      1666576
 Number of Parity Error (CSM to GOLACard) in TDC 17     :      1666580
 Number of Unknown SynchWord                            :            2
 No data error has been found from data monitor.
