 -------- MiniDAQ Error Summary File -------------
 Number of word counter error                           :          102
 Number of mismatched BCID                              :            8
 Number of mismatched TDC BCID                          :            8
 Number of mismatched TDC BCID for TDC 1                :            2
 Number of mismatched TDC BCID for TDC 8                :            2
 Number of mismatched TDC BCID for TDC 9                :            2
 Number of mismatched TDC BCID for TDC 10               :            2
 Number of TDC hard-error words                         :          282
 Number of TDC error words                              :          282
 Number of TDC error words in TDC 8                     :           94
 Number of TDC error words in TDC 9                     :           94
 Number of TDC error words in TDC 10                    :           94
 Number of TDC mask words                               :          282
 Number of TDC mask words in TDC 8                      :           94
 Number of TDC mask words in TDC 9                      :           94
 Number of TDC mask words in TDC 10                     :           94
 Number of TDC word counter mismatch                    :          102
 Number of TDC 8 word counter mismatch                  :           34
 Number of TDC 9 word counter mismatch                  :           34
 Number of TDC 10 word counter mismatch                 :           34
 Number of Requested Stop Run                           :            1
 Number of Total Received Words                         :       131072
 Number of Data Words                                   :         1036
 Number of Good Cycles                                  :          320
 Minimum Event Size                                     :      1000000
 Number Buffer Pointer Error                            :           36
 Reported Matched Triggers in SynchWord                 :           96
 Reported Trigger Low 16 Bits in SynchWord              :           96
 Reported Trigger High 16 Bits in SynchWord             :           96
 No data error has been found from data monitor.
