 -------- MiniDAQ Error Summary File -------------
 Number of analyzed events                              :      5608129
 Number of event without TDC hits                       :      5600253
 Number of event without hits in TDC 1                  :      5603752
 Number of event without hits in TDC 8                  :      5604635
 Number of event without hits in TDC 9                  :      5608113
 Number of event without hits in TDC 10                 :      5608127
 Number of event without hits in TDC 11                 :      5608128
 Number of event only with TDC Header & Trailer         :      5600253
 Number of event only with Hds & Trls in TDC 1          :      5603752
 Number of event only with Hds & Trls in TDC 8          :      5604635
 Number of event only with Hds & Trls in TDC 9          :      5608113
 Number of event only with Hds & Trls in TDC 10         :      5608127
 Number of event only with Hds & Trls in TDC 11         :      5608128
 Number of Total Received Words                         :    277413888
 Number of Processed Events                             :      5608129
 Number of Data Words                                   :     56096772
 Number of Data Words for Constructed Events            :        15481
 Number of Good Cycles                                  :     14600731
 Maximum Event Size                                     :            4
 Reported Wrong TTCrx Setup in SynchWord                :      2034861
 Reported Matched Triggers in SynchWord                 :      5608129
 Reported Trigger Low 16 Bits in SynchWord              :      5608130
 Reported Trigger High 16 Bits in SynchWord             :      5608129
 No data error has been found from data monitor.
