 -------- MiniDAQ Error Summary File -------------
 Number of analyzed events                              :      3378966
 Number of event without TDC hits                       :      3346607
 Number of event without hits in TDC 1                  :      3378966
 Number of event without hits in TDC 8                  :      3377273
 Number of event without hits in TDC 9                  :      3367440
 Number of event without hits in TDC 10                 :      3359638
 Number of event without hits in TDC 11                 :      3378141
 Number of event only with TDC Header & Trailer         :      3346607
 Number of event only with Hds & Trls in TDC 1          :      3378966
 Number of event only with Hds & Trls in TDC 8          :      3377273
 Number of event only with Hds & Trls in TDC 9          :      3367440
 Number of event only with Hds & Trls in TDC 10         :      3359638
 Number of event only with Hds & Trls in TDC 11         :      3378141
 Number of Total Received Words                         :    169345024
 Number of Processed Events                             :      3378966
 Number of Data Words                                   :     33926962
 Number of Data Words for Constructed Events            :       137302
 Number of Good Cycles                                  :      8912896
 Maximum Event Size                                     :           36
 Reported Matched Triggers in SynchWord                 :      3378966
 Reported Trigger Low 16 Bits in SynchWord              :      3378966
 Reported Trigger High 16 Bits in SynchWord             :      3378966
 No data error has been found from data monitor.
