 -------- MiniDAQ Error Summary File -------------
 Number of analyzed events                              :        91194
 Number of event without TDC hits                       :           33
 Number of event without hits in TDC 1                  :           33
 Number of event without hits in TDC 8                  :        88773
 Number of event without hits in TDC 9                  :        88490
 Number of event without hits in TDC 10                 :        88428
 Number of event without hits in TDC 11                 :        88854
 Number of event only with TDC Header & Trailer         :           33
 Number of event only with Hds & Trls in TDC 1          :           33
 Number of event only with Hds & Trls in TDC 8          :        88773
 Number of event only with Hds & Trls in TDC 9          :        88490
 Number of event only with Hds & Trls in TDC 10         :        88428
 Number of event only with Hds & Trls in TDC 11         :        88854
 Number of Total Received Words                         :      8880128
 Number of Processed Events                             :        91194
 Number of Data Words                                   :      1172952
 Number of Data Words for Constructed Events            :       261012
 Number of Good Cycles                                  :       467376
 Maximum Event Size                                     :          252
 Reported Wrong TTCrx Setup in SynchWord                :        27380
 Reported Matched Triggers in SynchWord                 :        91194
 Reported Trigger Low 16 Bits in SynchWord              :        91194
 Reported Trigger High 16 Bits in SynchWord             :        91194
 No data error has been found from data monitor.
