 -------- MiniDAQ Error Summary File -------------
 Number of analyzed events                              :     11775972
 Number of event without TDC hits                       :     11564340
 Number of event without hits in TDC 1                  :     11693672
 Number of event without hits in TDC 8                  :     11747494
 Number of event without hits in TDC 9                  :     11723751
 Number of event without hits in TDC 10                 :     11728655
 Number of event without hits in TDC 11                 :     11751222
 Number of event only with TDC Header & Trailer         :     11564340
 Number of event only with Hds & Trls in TDC 1          :     11693672
 Number of event only with Hds & Trls in TDC 8          :     11747494
 Number of event only with Hds & Trls in TDC 9          :     11723985
 Number of event only with Hds & Trls in TDC 10         :     11728655
 Number of event only with Hds & Trls in TDC 11         :     11751222
 Number of Total Received Words                         :    591921152
 Number of Processed Events                             :     11775972
 Number of Data Words                                   :    118346966
 Number of Data Words for Constructed Events            :       587243
 Number of Good Cycles                                  :     31153745
 Maximum Event Size                                     :          202
 Reported Wrong TTCrx Setup in SynchWord                :      2338638
 Reported Matched Triggers in SynchWord                 :     11775972
 Reported Trigger Low 16 Bits in SynchWord              :     11775973
 Reported Trigger High 16 Bits in SynchWord             :     11775972
 No data error has been found from data monitor.
