 -------- MiniDAQ Error Summary File -------------
 Number of analyzed events                              :      1403348
 Number of event without TDC hits                       :      1260173
 Number of event without hits in TDC 1                  :      1402388
 Number of event without hits in TDC 8                  :      1260938
 Number of event without hits in TDC 9                  :      1403348
 Number of event without hits in TDC 10                 :      1403348
 Number of event without hits in TDC 11                 :      1403347
 Number of event only with TDC Header & Trailer         :      1260173
 Number of event only with Hds & Trls in TDC 1          :      1402388
 Number of event only with Hds & Trls in TDC 8          :      1260938
 Number of event only with Hds & Trls in TDC 9          :      1403348
 Number of event only with Hds & Trls in TDC 10         :      1403348
 Number of event only with Hds & Trls in TDC 11         :      1403347
 Number of Total Received Words                         :     75366400
 Number of Processed Events                             :      1403348
 Number of Data Words                                   :     14379795
 Number of Data Words for Constructed Events            :       346306
 Number of Good Cycles                                  :      3966653
 Maximum Event Size                                     :           16
 Reported Matched Triggers in SynchWord                 :      1403349
 Reported Trigger Low 16 Bits in SynchWord              :      1403349
 Reported Trigger High 16 Bits in SynchWord             :      1403349
 No data error has been found from data monitor.
