 -------- MiniDAQ Error Summary File -------------
 Number of analyzed events                              :        85590
 Number of event without TDC hits                       :           37
 Number of event without hits in TDC 1                  :           40
 Number of event without hits in TDC 8                  :        83266
 Number of event without hits in TDC 9                  :        82987
 Number of event without hits in TDC 10                 :        83078
 Number of event without hits in TDC 11                 :        83361
 Number of event only with TDC Header & Trailer         :           37
 Number of event only with Hds & Trls in TDC 1          :           40
 Number of event only with Hds & Trls in TDC 8          :        83266
 Number of event only with Hds & Trls in TDC 9          :        82987
 Number of event only with Hds & Trls in TDC 10         :        83078
 Number of event only with Hds & Trls in TDC 11         :        83361
 Number of Total Received Words                         :      8241152
 Number of Processed Events                             :        85590
 Number of Data Words                                   :      1096019
 Number of Data Words for Constructed Events            :       240110
 Number of Good Cycles                                  :       433745
 Maximum Event Size                                     :          193
 Reported Matched Triggers in SynchWord                 :        85591
 Reported Trigger Low 16 Bits in SynchWord              :        85591
 Reported Trigger High 16 Bits in SynchWord             :        85591
 No data error has been found from data monitor.
