 -------- MiniDAQ Error Summary File -------------
 Number of analyzed events                              :           56
 Number of event without TDC hits                       :            3
 Number of event without hits in TDC 1                  :            5
 Number of event without hits in TDC 8                  :           50
 Number of event without hits in TDC 9                  :           43
 Number of event without hits in TDC 10                 :           38
 Number of event without hits in TDC 11                 :           48
 Number of event only with TDC Header & Trailer         :            3
 Number of event only with Hds & Trls in TDC 1          :            5
 Number of event only with Hds & Trls in TDC 8          :           50
 Number of event only with Hds & Trls in TDC 9          :           43
 Number of event only with Hds & Trls in TDC 10         :           38
 Number of event only with Hds & Trls in TDC 11         :           48
 Number of Total Received Words                         :         8192
 Number of Processed Events                             :           56
 Number of Data Words                                   :          997
 Number of Data Words for Constructed Events            :          426
 Number of Good Cycles                                  :          432
 Maximum Event Size                                     :           24
 Reported Matched Triggers in SynchWord                 :           57
 Reported Trigger Low 16 Bits in SynchWord              :           57
 Reported Trigger High 16 Bits in SynchWord             :           57
 No data error has been found from data monitor.
