 -------- MiniDAQ Error Summary File -------------
 Number of analyzed events                              :     11354256
 Number of event without TDC hits                       :     11323126
 Number of event without hits in TDC 1                  :     11354254
 Number of event without hits in TDC 8                  :     11352403
 Number of event without hits in TDC 9                  :     11338617
 Number of event without hits in TDC 10                 :     11341908
 Number of event without hits in TDC 11                 :     11352114
 Number of event only with TDC Header & Trailer         :     11323126
 Number of event only with Hds & Trls in TDC 1          :     11354254
 Number of event only with Hds & Trls in TDC 8          :     11352403
 Number of event only with Hds & Trls in TDC 9          :     11338617
 Number of event only with Hds & Trls in TDC 10         :     11345639
 Number of event only with Hds & Trls in TDC 11         :     11352114
 Number of Total Received Words                         :    562823168
 Number of Processed Events                             :     11354256
 Number of Data Words                                   :    113648461
 Number of Data Words for Constructed Events            :       105896
 Number of Good Cycles                                  :     29622272
 Maximum Event Size                                     :           38
 Reported Wrong TTCrx Setup in SynchWord                :      4707549
 Reported Matched Triggers in SynchWord                 :     11354257
 Reported Trigger Low 16 Bits in SynchWord              :     11354257
 Reported Trigger High 16 Bits in SynchWord             :     11354257
 No data error has been found from data monitor.
