 -------- MiniDAQ Error Summary File -------------
 Number of analyzed events                              :            4
 Number of events with error                            :            4
 Number of events with warning                          :            4
 Number of discarded events                             :            3
 Number of huge event (>4000 words)                     :            0
 Number of word counter error                           :            0
 Number of CSM word counter error                       :            0
 Number of mismatched EVID                              :            1
 Number of events with zero data word                   :            0
 Number of unexpected data words                        :       262067
 Number of unexpected data words for TDC 0              :        14537
 Number of unexpected data words for TDC 1              :        14566
 Number of unexpected data words for TDC 2              :        14567
 Number of unexpected data words for TDC 3              :        14565
 Number of unexpected data words for TDC 4              :        14563
 Number of unexpected data words for TDC 5              :        14562
 Number of unexpected data words for TDC 6              :        14562
 Number of unexpected data words for TDC 7              :        14563
 Number of unexpected data words for TDC 8              :        14562
 Number of unexpected data words for TDC 9              :        14559
 Number of unexpected data words for TDC 10             :        14560
 Number of unexpected data words for TDC 11             :        14560
 Number of unexpected data words for TDC 12             :        14558
 Number of unexpected data words for TDC 13             :        14559
 Number of unexpected data words for TDC 14             :        14558
 Number of unexpected data words for TDC 15             :        14556
 Number of unexpected data words for TDC 16             :        14554
 Number of unexpected data words for TDC 17             :        14556
 Number of mismatched EVID in CSM header                :            0
 Number of mismatched EVID in CSM trailer               :            0
 Number of mismatched EVID in CSM abort                 :            0
 Number of CSM error words                              :            0
 Number of CSM errors due to TDC 0                      :            0
 Number of CSM errors due to TDC 1                      :            0
 Number of CSM errors due to TDC 2                      :            0
 Number of CSM errors due to TDC 3                      :            0
 Number of CSM errors due to TDC 4                      :            0
 Number of CSM errors due to TDC 5                      :            0
 Number of CSM errors due to TDC 6                      :            0
 Number of CSM errors due to TDC 7                      :            0
 Number of CSM errors due to TDC 8                      :            0
 Number of CSM errors due to TDC 9                      :            0
 Number of CSM errors due to TDC 10                     :            0
 Number of CSM errors due to TDC 11                     :            0
 Number of CSM errors due to TDC 12                     :            0
 Number of CSM errors due to TDC 13                     :            0
 Number of CSM errors due to TDC 14                     :            0
 Number of CSM errors due to TDC 15                     :            0
 Number of CSM errors due to TDC 16                     :            0
 Number of CSM errors due to TDC 17                     :            0
 Number of CSM abort words                              :            0
 Number of events without CSM header                    :            0
 Number of events with more than 1 CSM header           :            0
 Number of events without CSM trailer                   :            0
 Number of events with more than 1 CSM trailer          :            0
 Number of CSM parity error words                       :       260931
 Number of parity errors in TDC 0                       :        14489
 Number of parity errors in TDC 1                       :        14498
 Number of parity errors in TDC 2                       :        14506
 Number of parity errors in TDC 3                       :        14500
 Number of parity errors in TDC 4                       :        14495
 Number of parity errors in TDC 5                       :        14498
 Number of parity errors in TDC 6                       :        14494
 Number of parity errors in TDC 7                       :        14493
 Number of parity errors in TDC 8                       :        14496
 Number of parity errors in TDC 9                       :        14497
 Number of parity errors in TDC 10                      :        14502
 Number of parity errors in TDC 11                      :        14501
 Number of parity errors in TDC 12                      :        14490
 Number of parity errors in TDC 13                      :        14491
 Number of parity errors in TDC 14                      :        14501
 Number of parity errors in TDC 15                      :        14489
 Number of parity errors in TDC 16                      :        14496
 Number of parity errors in TDC 17                      :        14495
 Number of mismatched EVID in TDC header                :            0
 Number of mismatched EVID in TDC header for TDC 0      :            0
 Number of mismatched EVID in TDC header for TDC 1      :            0
 Number of mismatched EVID in TDC header for TDC 2      :            0
 Number of mismatched EVID in TDC header for TDC 3      :            0
 Number of mismatched EVID in TDC header for TDC 4      :            0
 Number of mismatched EVID in TDC header for TDC 5      :            0
 Number of mismatched EVID in TDC header for TDC 6      :            0
 Number of mismatched EVID in TDC header for TDC 7      :            0
 Number of mismatched EVID in TDC header for TDC 8      :            0
 Number of mismatched EVID in TDC header for TDC 9      :            0
 Number of mismatched EVID in TDC header for TDC 10     :            0
 Number of mismatched EVID in TDC header for TDC 11     :            0
 Number of mismatched EVID in TDC header for TDC 12     :            0
 Number of mismatched EVID in TDC header for TDC 13     :            0
 Number of mismatched EVID in TDC header for TDC 14     :            0
 Number of mismatched EVID in TDC header for TDC 15     :            0
 Number of mismatched EVID in TDC header for TDC 16     :            0
 Number of mismatched EVID in TDC header for TDC 17     :            0
 Number of mismatched EVID in TDC trailer               :            1
 Number of mismatched EVID in TDC trailer for TDC 0     :            1
 Number of mismatched EVID in TDC trailer for TDC 1     :            0
 Number of mismatched EVID in TDC trailer for TDC 2     :            0
 Number of mismatched EVID in TDC trailer for TDC 3     :            0
 Number of mismatched EVID in TDC trailer for TDC 4     :            0
 Number of mismatched EVID in TDC trailer for TDC 5     :            0
 Number of mismatched EVID in TDC trailer for TDC 6     :            0
 Number of mismatched EVID in TDC trailer for TDC 7     :            0
 Number of mismatched EVID in TDC trailer for TDC 8     :            0
 Number of mismatched EVID in TDC trailer for TDC 9     :            0
 Number of mismatched EVID in TDC trailer for TDC 10    :            0
 Number of mismatched EVID in TDC trailer for TDC 11    :            0
 Number of mismatched EVID in TDC trailer for TDC 12    :            0
 Number of mismatched EVID in TDC trailer for TDC 13    :            0
 Number of mismatched EVID in TDC trailer for TDC 14    :            0
 Number of mismatched EVID in TDC trailer for TDC 15    :            0
 Number of mismatched EVID in TDC trailer for TDC 16    :            0
 Number of mismatched EVID in TDC trailer for TDC 17    :            0
 Number of reported errors in TDC edge word             :            0
 Number of reported errors in TDC 0 edge word           :            0
 Number of reported errors in TDC 1 edge word           :            0
 Number of reported errors in TDC 2 edge word           :            0
 Number of reported errors in TDC 3 edge word           :            0
 Number of reported errors in TDC 4 edge word           :            0
 Number of reported errors in TDC 5 edge word           :            0
 Number of reported errors in TDC 6 edge word           :            0
 Number of reported errors in TDC 7 edge word           :            0
 Number of reported errors in TDC 8 edge word           :            0
 Number of reported errors in TDC 9 edge word           :            0
 Number of reported errors in TDC 10 edge word          :            0
 Number of reported errors in TDC 11 edge word          :            0
 Number of reported errors in TDC 12 edge word          :            0
 Number of reported errors in TDC 13 edge word          :            0
 Number of reported errors in TDC 14 edge word          :            0
 Number of reported errors in TDC 15 edge word          :            0
 Number of reported errors in TDC 16 edge word          :            0
 Number of reported errors in TDC 17 edge word          :            0
 Number of TDC edge error (width<20bin)                 :            0
 Number of TDC 0 edge error (width<20bin)               :            0
 Number of TDC 1 edge error (width<20bin)               :            0
 Number of TDC 2 edge error (width<20bin)               :            0
 Number of TDC 3 edge error (width<20bin)               :            0
 Number of TDC 4 edge error (width<20bin)               :            0
 Number of TDC 5 edge error (width<20bin)               :            0
 Number of TDC 6 edge error (width<20bin)               :            0
 Number of TDC 7 edge error (width<20bin)               :            0
 Number of TDC 8 edge error (width<20bin)               :            0
 Number of TDC 9 edge error (width<20bin)               :            0
 Number of TDC 10 edge error (width<20bin)              :            0
 Number of TDC 11 edge error (width<20bin)              :            0
 Number of TDC 12 edge error (width<20bin)              :            0
 Number of TDC 13 edge error (width<20bin)              :            0
 Number of TDC 14 edge error (width<20bin)              :            0
 Number of TDC 15 edge error (width<20bin)              :            0
 Number of TDC 16 edge error (width<20bin)              :            0
 Number of TDC 17 edge error (width<20bin)              :            0
 Number of events with less TDC headers than expected   :            1
 Number of events with more TDC headers than expected   :           21
 Number of events with less TDC trailers than expected  :            3
 Number of events with more TDC trailers than expected  :           18
 Number of TDC soft-error words                         :           10
 Number of TDC hard-error words                         :            7
 Number of TDC error words                              :           10
 Number of TDC coarse count errors                      :            4
 Number of TDC channel select errors                    :            6
 Number of TDC level 1 buffer errors                    :            7
 Number of TDC trigger FIFO errors                      :            5
 Number of TDC matching state errors                    :            4
 Number of TDC readout FIFO errors                      :            7
 Number of TDC readout state errors                     :            8
 Number of TDC control parity errors                    :            3
 Number of TDC JTAG parity errors                       :            3
 Number of TDC level 1 buffer overflow                  :            4
 Number of TDC trigger FIFO overflow                    :            4
 Number of TDC readout FIFO overflow                    :            1
 Number of TDC hit errors                               :            2
 Number of TDC channel buffer overflow                  :            7
 Number of TDC error words in TDC 0                     :           10
 Number of TDC error words in TDC 1                     :            0
 Number of TDC error words in TDC 2                     :            0
 Number of TDC error words in TDC 3                     :            0
 Number of TDC error words in TDC 4                     :            0
 Number of TDC error words in TDC 5                     :            0
 Number of TDC error words in TDC 6                     :            0
 Number of TDC error words in TDC 7                     :            0
 Number of TDC error words in TDC 8                     :            0
 Number of TDC error words in TDC 9                     :            0
 Number of TDC error words in TDC 10                    :            0
 Number of TDC error words in TDC 11                    :            0
 Number of TDC error words in TDC 12                    :            0
 Number of TDC error words in TDC 13                    :            0
 Number of TDC error words in TDC 14                    :            0
 Number of TDC error words in TDC 15                    :            0
 Number of TDC error words in TDC 16                    :            0
 Number of TDC error words in TDC 17                    :            0
 Number of Empty TDC error                              :            0
 Number of TDC mask words                               :            7
 Number of TDC mask words in TDC 0                      :            7
 Number of TDC mask words in TDC 1                      :            0
 Number of TDC mask words in TDC 2                      :            0
 Number of TDC mask words in TDC 3                      :            0
 Number of TDC mask words in TDC 4                      :            0
 Number of TDC mask words in TDC 5                      :            0
 Number of TDC mask words in TDC 6                      :            0
 Number of TDC mask words in TDC 7                      :            0
 Number of TDC mask words in TDC 8                      :            0
 Number of TDC mask words in TDC 9                      :            0
 Number of TDC mask words in TDC 10                     :            0
 Number of TDC mask words in TDC 11                     :            0
 Number of TDC mask words in TDC 12                     :            0
 Number of TDC mask words in TDC 13                     :            0
 Number of TDC mask words in TDC 14                     :            0
 Number of TDC mask words in TDC 15                     :            0
 Number of TDC mask words in TDC 16                     :            0
 Number of TDC mask words in TDC 17                     :            0
 Number of Empty TDC mask                               :            0
 Number of TDC debug words                              :           15
 Number of TDC debug words in TDC 0                     :           15
 Number of TDC debug words in TDC 1                     :            0
 Number of TDC debug words in TDC 2                     :            0
 Number of TDC debug words in TDC 3                     :            0
 Number of TDC debug words in TDC 4                     :            0
 Number of TDC debug words in TDC 5                     :            0
 Number of TDC debug words in TDC 6                     :            0
 Number of TDC debug words in TDC 7                     :            0
 Number of TDC debug words in TDC 8                     :            0
 Number of TDC debug words in TDC 9                     :            0
 Number of TDC debug words in TDC 10                    :            0
 Number of TDC debug words in TDC 11                    :            0
 Number of TDC debug words in TDC 12                    :            0
 Number of TDC debug words in TDC 13                    :            0
 Number of TDC debug words in TDC 14                    :            0
 Number of TDC debug words in TDC 15                    :            0
 Number of TDC debug words in TDC 16                    :            0
 Number of TDC debug words in TDC 17                    :            0
 Number of wrong TDCID events in TDCHeader              :            1
 Number of missed TDCID=0 in TDCHeader                  :            1
 Number of missed TDCID=1 in TDCHeader                  :            0
 Number of missed TDCID=2 in TDCHeader                  :            0
 Number of missed TDCID=3 in TDCHeader                  :            0
 Number of missed TDCID=4 in TDCHeader                  :            0
 Number of missed TDCID=5 in TDCHeader                  :            0
 Number of missed TDCID=6 in TDCHeader                  :            0
 Number of missed TDCID=7 in TDCHeader                  :            0
 Number of missed TDCID=8 in TDCHeader                  :            0
 Number of missed TDCID=9 in TDCHeader                  :            0
 Number of missed TDCID=10 in TDCHeader                 :            0
 Number of missed TDCID=11 in TDCHeader                 :            0
 Number of missed TDCID=12 in TDCHeader                 :            0
 Number of missed TDCID=13 in TDCHeader                 :            0
 Number of missed TDCID=14 in TDCHeader                 :            0
 Number of missed TDCID=15 in TDCHeader                 :            0
 Number of missed TDCID=16 in TDCHeader                 :            0
 Number of missed TDCID=17 in TDCHeader                 :            0
 Number of extra TDCID=0 in TDCHeader                   :            0
 Number of extra TDCID=1 in TDCHeader                   :            0
 Number of extra TDCID=2 in TDCHeader                   :            0
 Number of extra TDCID=3 in TDCHeader                   :            1
 Number of extra TDCID=4 in TDCHeader                   :            2
 Number of extra TDCID=5 in TDCHeader                   :            2
 Number of extra TDCID=6 in TDCHeader                   :            1
 Number of extra TDCID=7 in TDCHeader                   :            0
 Number of extra TDCID=8 in TDCHeader                   :            1
 Number of extra TDCID=9 in TDCHeader                   :            1
 Number of extra TDCID=10 in TDCHeader                  :            1
 Number of extra TDCID=11 in TDCHeader                  :            1
 Number of extra TDCID=12 in TDCHeader                  :            3
 Number of extra TDCID=13 in TDCHeader                  :            2
 Number of extra TDCID=14 in TDCHeader                  :            0
 Number of extra TDCID=15 in TDCHeader                  :            3
 Number of extra TDCID=16 in TDCHeader                  :            1
 Number of extra TDCID=17 in TDCHeader                  :            2
 Number of wrong TDCID events in TDCTrailer             :            1
 Number of missed TDCID=0 in TDCTrailer                 :            3
 Number of missed TDCID=1 in TDCTrailer                 :            0
 Number of missed TDCID=2 in TDCTrailer                 :            0
 Number of missed TDCID=3 in TDCTrailer                 :            0
 Number of missed TDCID=4 in TDCTrailer                 :            0
 Number of missed TDCID=5 in TDCTrailer                 :            0
 Number of missed TDCID=6 in TDCTrailer                 :            0
 Number of missed TDCID=7 in TDCTrailer                 :            0
 Number of missed TDCID=8 in TDCTrailer                 :            0
 Number of missed TDCID=9 in TDCTrailer                 :            0
 Number of missed TDCID=10 in TDCTrailer                :            0
 Number of missed TDCID=11 in TDCTrailer                :            0
 Number of missed TDCID=12 in TDCTrailer                :            0
 Number of missed TDCID=13 in TDCTrailer                :            0
 Number of missed TDCID=14 in TDCTrailer                :            0
 Number of missed TDCID=15 in TDCTrailer                :            0
 Number of missed TDCID=16 in TDCTrailer                :            0
 Number of missed TDCID=17 in TDCTrailer                :            0
 Number of extra TDCID=0 in TDCTrailer                  :            0
 Number of extra TDCID=1 in TDCTrailer                  :            1
 Number of extra TDCID=2 in TDCTrailer                  :            0
 Number of extra TDCID=3 in TDCTrailer                  :            0
 Number of extra TDCID=4 in TDCTrailer                  :            1
 Number of extra TDCID=5 in TDCTrailer                  :            1
 Number of extra TDCID=6 in TDCTrailer                  :            2
 Number of extra TDCID=7 in TDCTrailer                  :            1
 Number of extra TDCID=8 in TDCTrailer                  :            0
 Number of extra TDCID=9 in TDCTrailer                  :            2
 Number of extra TDCID=10 in TDCTrailer                 :            1
 Number of extra TDCID=11 in TDCTrailer                 :            1
 Number of extra TDCID=12 in TDCTrailer                 :            1
 Number of extra TDCID=13 in TDCTrailer                 :            0
 Number of extra TDCID=14 in TDCTrailer                 :            2
 Number of extra TDCID=15 in TDCTrailer                 :            1
 Number of extra TDCID=16 in TDCTrailer                 :            4
 Number of extra TDCID=17 in TDCTrailer                 :            0
 Number of TDC header after its data                    :            0
 Number of TDC header after its data in TDC 0           :            0
 Number of TDC header after its data in TDC 1           :            0
 Number of TDC header after its data in TDC 2           :            0
 Number of TDC header after its data in TDC 3           :            0
 Number of TDC header after its data in TDC 4           :            0
 Number of TDC header after its data in TDC 5           :            0
 Number of TDC header after its data in TDC 6           :            0
 Number of TDC header after its data in TDC 7           :            0
 Number of TDC header after its data in TDC 8           :            0
 Number of TDC header after its data in TDC 9           :            0
 Number of TDC header after its data in TDC 10          :            0
 Number of TDC header after its data in TDC 11          :            0
 Number of TDC header after its data in TDC 12          :            0
 Number of TDC header after its data in TDC 13          :            0
 Number of TDC header after its data in TDC 14          :            0
 Number of TDC header after its data in TDC 15          :            0
 Number of TDC header after its data in TDC 16          :            0
 Number of TDC header after its data in TDC 17          :            0
 Number of TDC trailer ahead its data                   :            0
 Number of TDC trailer ahead its data in TDC 0          :            0
 Number of TDC trailer ahead its data in TDC 1          :            0
 Number of TDC trailer ahead its data in TDC 2          :            0
 Number of TDC trailer ahead its data in TDC 3          :            0
 Number of TDC trailer ahead its data in TDC 4          :            0
 Number of TDC trailer ahead its data in TDC 5          :            0
 Number of TDC trailer ahead its data in TDC 6          :            0
 Number of TDC trailer ahead its data in TDC 7          :            0
 Number of TDC trailer ahead its data in TDC 8          :            0
 Number of TDC trailer ahead its data in TDC 9          :            0
 Number of TDC trailer ahead its data in TDC 10         :            0
 Number of TDC trailer ahead its data in TDC 11         :            0
 Number of TDC trailer ahead its data in TDC 12         :            0
 Number of TDC trailer ahead its data in TDC 13         :            0
 Number of TDC trailer ahead its data in TDC 14         :            0
 Number of TDC trailer ahead its data in TDC 15         :            0
 Number of TDC trailer ahead its data in TDC 16         :            0
 Number of TDC trailer ahead its data in TDC 17         :            0
 Number of TDC word counter mismatch                    :            0
 Number of TDC 0 word counter mismatch                  :            0
 Number of TDC 1 word counter mismatch                  :            0
 Number of TDC 2 word counter mismatch                  :            0
 Number of TDC 3 word counter mismatch                  :            0
 Number of TDC 4 word counter mismatch                  :            0
 Number of TDC 5 word counter mismatch                  :            0
 Number of TDC 6 word counter mismatch                  :            0
 Number of TDC 7 word counter mismatch                  :            0
 Number of TDC 8 word counter mismatch                  :            0
 Number of TDC 9 word counter mismatch                  :            0
 Number of TDC 10 word counter mismatch                 :            0
 Number of TDC 11 word counter mismatch                 :            0
 Number of TDC 12 word counter mismatch                 :            0
 Number of TDC 13 word counter mismatch                 :            0
 Number of TDC 14 word counter mismatch                 :            0
 Number of TDC 15 word counter mismatch                 :            0
 Number of TDC 16 word counter mismatch                 :            0
 Number of TDC 17 word counter mismatch                 :            0
 Number of continued same edge                          :            0
 Number of continued same edge in TDC 0                 :            0
 Number of continued same edge in TDC 1                 :            0
 Number of continued same edge in TDC 2                 :            0
 Number of continued same edge in TDC 3                 :            0
 Number of continued same edge in TDC 4                 :            0
 Number of continued same edge in TDC 5                 :            0
 Number of continued same edge in TDC 6                 :            0
 Number of continued same edge in TDC 7                 :            0
 Number of continued same edge in TDC 8                 :            0
 Number of continued same edge in TDC 9                 :            0
 Number of continued same edge in TDC 10                :            0
 Number of continued same edge in TDC 11                :            0
 Number of continued same edge in TDC 12                :            0
 Number of continued same edge in TDC 13                :            0
 Number of continued same edge in TDC 14                :            0
 Number of continued same edge in TDC 15                :            0
 Number of continued same edge in TDC 16                :            0
 Number of continued same edge in TDC 17                :            0
 Number of continued trailing edge                      :            0
 Number of continued trailing edge in TDC 0             :            0
 Number of continued trailing edge in TDC 1             :            0
 Number of continued trailing edge in TDC 2             :            0
 Number of continued trailing edge in TDC 3             :            0
 Number of continued trailing edge in TDC 4             :            0
 Number of continued trailing edge in TDC 5             :            0
 Number of continued trailing edge in TDC 6             :            0
 Number of continued trailing edge in TDC 7             :            0
 Number of continued trailing edge in TDC 8             :            0
 Number of continued trailing edge in TDC 9             :            0
 Number of continued trailing edge in TDC 10            :            0
 Number of continued trailing edge in TDC 11            :            0
 Number of continued trailing edge in TDC 12            :            0
 Number of continued trailing edge in TDC 13            :            0
 Number of continued trailing edge in TDC 14            :            0
 Number of continued trailing edge in TDC 15            :            0
 Number of continued trailing edge in TDC 16            :            0
 Number of continued trailing edge in TDC 17            :            0
 Number of unexpected TDC data word                     :            0
 Number of unexpected TDC data word in TDC 0            :            0
 Number of unexpected TDC data word in TDC 1            :            0
 Number of unexpected TDC data word in TDC 2            :            0
 Number of unexpected TDC data word in TDC 3            :            0
 Number of unexpected TDC data word in TDC 4            :            0
 Number of unexpected TDC data word in TDC 5            :            0
 Number of unexpected TDC data word in TDC 6            :            0
 Number of unexpected TDC data word in TDC 7            :            0
 Number of unexpected TDC data word in TDC 8            :            0
 Number of unexpected TDC data word in TDC 9            :            0
 Number of unexpected TDC data word in TDC 10           :            0
 Number of unexpected TDC data word in TDC 11           :            0
 Number of unexpected TDC data word in TDC 12           :            0
 Number of unexpected TDC data word in TDC 13           :            0
 Number of unexpected TDC data word in TDC 14           :            0
 Number of unexpected TDC data word in TDC 15           :            0
 Number of unexpected TDC data word in TDC 16           :            0
 Number of unexpected TDC data word in TDC 17           :            0
 Number of TDCtime in wrong order                       :            0
 Number of TDCtime in wrong order in TDC 0              :            0
 Number of TDCtime in wrong order in TDC 1              :            0
 Number of TDCtime in wrong order in TDC 2              :            0
 Number of TDCtime in wrong order in TDC 3              :            0
 Number of TDCtime in wrong order in TDC 4              :            0
 Number of TDCtime in wrong order in TDC 5              :            0
 Number of TDCtime in wrong order in TDC 6              :            0
 Number of TDCtime in wrong order in TDC 7              :            0
 Number of TDCtime in wrong order in TDC 8              :            0
 Number of TDCtime in wrong order in TDC 9              :            0
 Number of TDCtime in wrong order in TDC 10             :            0
 Number of TDCtime in wrong order in TDC 11             :            0
 Number of TDCtime in wrong order in TDC 12             :            0
 Number of TDCtime in wrong order in TDC 13             :            0
 Number of TDCtime in wrong order in TDC 14             :            0
 Number of TDCtime in wrong order in TDC 15             :            0
 Number of TDCtime in wrong order in TDC 16             :            0
 Number of TDCtime in wrong order in TDC 17             :            0
 Number of event without TDC hits                       :            4
 Number of event without hits in TDC 0                  :            4
 Number of event without hits in TDC 1                  :            0
 Number of event without hits in TDC 2                  :            0
 Number of event without hits in TDC 3                  :            0
 Number of event without hits in TDC 4                  :            0
 Number of event without hits in TDC 5                  :            0
 Number of event without hits in TDC 6                  :            0
 Number of event without hits in TDC 7                  :            0
 Number of event without hits in TDC 8                  :            0
 Number of event without hits in TDC 9                  :            0
 Number of event without hits in TDC 10                 :            0
 Number of event without hits in TDC 11                 :            0
 Number of event without hits in TDC 12                 :            0
 Number of event without hits in TDC 13                 :            0
 Number of event without hits in TDC 14                 :            0
 Number of event without hits in TDC 15                 :            0
 Number of event without hits in TDC 16                 :            0
 Number of event without hits in TDC 17                 :            0
 Number of event only with TDC Header & Trailer         :            0
 Number of event only with Hds & Trls in TDC 0          :            0
 Number of event only with Hds & Trls in TDC 1          :            0
 Number of event only with Hds & Trls in TDC 2          :            0
 Number of event only with Hds & Trls in TDC 3          :            0
 Number of event only with Hds & Trls in TDC 4          :            0
 Number of event only with Hds & Trls in TDC 5          :            0
 Number of event only with Hds & Trls in TDC 6          :            0
 Number of event only with Hds & Trls in TDC 7          :            0
 Number of event only with Hds & Trls in TDC 8          :            0
 Number of event only with Hds & Trls in TDC 9          :            0
 Number of event only with Hds & Trls in TDC 10         :            0
 Number of event only with Hds & Trls in TDC 11         :            0
 Number of event only with Hds & Trls in TDC 12         :            0
 Number of event only with Hds & Trls in TDC 13         :            0
 Number of event only with Hds & Trls in TDC 14         :            0
 Number of event only with Hds & Trls in TDC 15         :            0
 Number of event only with Hds & Trls in TDC 16         :            0
 Number of event only with Hds & Trls in TDC 17         :            0
 Number of BCID Mismatch due to TDC TrigFIFO Overflow   :            0
 Number of Discarded TDC Trailing/Mask by CSM           :            0
 Number of Discarded TDC Trailing/Mask by CSM in TDC 0  :            0
 Number of Discarded TDC Trailing/Mask by CSM in TDC 1  :            0
 Number of Discarded TDC Trailing/Mask by CSM in TDC 2  :            0
 Number of Discarded TDC Trailing/Mask by CSM in TDC 3  :            0
 Number of Discarded TDC Trailing/Mask by CSM in TDC 4  :            0
 Number of Discarded TDC Trailing/Mask by CSM in TDC 5  :            0
 Number of Discarded TDC Trailing/Mask by CSM in TDC 6  :            0
 Number of Discarded TDC Trailing/Mask by CSM in TDC 7  :            0
 Number of Discarded TDC Trailing/Mask by CSM in TDC 8  :            0
 Number of Discarded TDC Trailing/Mask by CSM in TDC 9  :            0
 Number of Discarded TDC Trailing/Mask by CSM in TDC 10 :            0
 Number of Discarded TDC Trailing/Mask by CSM in TDC 11 :            0
 Number of Discarded TDC Trailing/Mask by CSM in TDC 12 :            0
 Number of Discarded TDC Trailing/Mask by CSM in TDC 13 :            0
 Number of Discarded TDC Trailing/Mask by CSM in TDC 14 :            0
 Number of Discarded TDC Trailing/Mask by CSM in TDC 15 :            0
 Number of Discarded TDC Trailing/Mask by CSM in TDC 16 :            0
 Number of Discarded TDC Trailing/Mask by CSM in TDC 17 :            0
 Number of Discarded TDC Leading/Error by CSM           :            0
 Number of Discarded TDC Leading/Mask by CSM in TDC 0   :            0
 Number of Discarded TDC Leading/Mask by CSM in TDC 1   :            0
 Number of Discarded TDC Leading/Mask by CSM in TDC 2   :            0
 Number of Discarded TDC Leading/Mask by CSM in TDC 3   :            0
 Number of Discarded TDC Leading/Mask by CSM in TDC 4   :            0
 Number of Discarded TDC Leading/Mask by CSM in TDC 5   :            0
 Number of Discarded TDC Leading/Mask by CSM in TDC 6   :            0
 Number of Discarded TDC Leading/Mask by CSM in TDC 7   :            0
 Number of Discarded TDC Leading/Mask by CSM in TDC 8   :            0
 Number of Discarded TDC Leading/Mask by CSM in TDC 9   :            0
 Number of Discarded TDC Leading/Mask by CSM in TDC 10  :            0
 Number of Discarded TDC Leading/Mask by CSM in TDC 11  :            0
 Number of Discarded TDC Leading/Mask by CSM in TDC 12  :            0
 Number of Discarded TDC Leading/Mask by CSM in TDC 13  :            0
 Number of Discarded TDC Leading/Mask by CSM in TDC 14  :            0
 Number of Discarded TDC Leading/Mask by CSM in TDC 15  :            0
 Number of Discarded TDC Leading/Mask by CSM in TDC 16  :            0
 Number of Discarded TDC Leading/Mask by CSM in TDC 17  :            0
 Number of Discarded TDC Words by CSM                   :         2989
 Number of Discarded TDC Words by CSM in TDC 0          :         2989
 Number of Discarded TDC Words by CSM in TDC 1          :            0
 Number of Discarded TDC Words by CSM in TDC 2          :            0
 Number of Discarded TDC Words by CSM in TDC 3          :            0
 Number of Discarded TDC Words by CSM in TDC 4          :            0
 Number of Discarded TDC Words by CSM in TDC 5          :            0
 Number of Discarded TDC Words by CSM in TDC 6          :            0
 Number of Discarded TDC Words by CSM in TDC 7          :            0
 Number of Discarded TDC Words by CSM in TDC 8          :            0
 Number of Discarded TDC Words by CSM in TDC 9          :            0
 Number of Discarded TDC Words by CSM in TDC 10         :            0
 Number of Discarded TDC Words by CSM in TDC 11         :            0
 Number of Discarded TDC Words by CSM in TDC 12         :            0
 Number of Discarded TDC Words by CSM in TDC 13         :            0
 Number of Discarded TDC Words by CSM in TDC 14         :            0
 Number of Discarded TDC Words by CSM in TDC 15         :            0
 Number of Discarded TDC Words by CSM in TDC 16         :            0
 Number of Discarded TDC Words by CSM in TDC 17         :            0
 Number of Expected TDC WC Error                        :            1
 Number of Expected TDC WC Error in TDC 0               :            1
 Number of Expected TDC WC Error in TDC 1               :            0
 Number of Expected TDC WC Error in TDC 2               :            0
 Number of Expected TDC WC Error in TDC 3               :            0
 Number of Expected TDC WC Error in TDC 4               :            0
 Number of Expected TDC WC Error in TDC 5               :            0
 Number of Expected TDC WC Error in TDC 6               :            0
 Number of Expected TDC WC Error in TDC 7               :            0
 Number of Expected TDC WC Error in TDC 8               :            0
 Number of Expected TDC WC Error in TDC 9               :            0
 Number of Expected TDC WC Error in TDC 10              :            0
 Number of Expected TDC WC Error in TDC 11              :            0
 Number of Expected TDC WC Error in TDC 12              :            0
 Number of Expected TDC WC Error in TDC 13              :            0
 Number of Expected TDC WC Error in TDC 14              :            0
 Number of Expected TDC WC Error in TDC 15              :            0
 Number of Expected TDC WC Error in TDC 16              :            0
 Number of Expected TDC WC Error in TDC 17              :            0
 Number of TDC WC < # Received Words                    :            0
 Number of TDC WC < # Received Words in TDC 0           :            0
 Number of TDC WC < # Received Words in TDC 1           :            0
 Number of TDC WC < # Received Words in TDC 2           :            0
 Number of TDC WC < # Received Words in TDC 3           :            0
 Number of TDC WC < # Received Words in TDC 4           :            0
 Number of TDC WC < # Received Words in TDC 5           :            0
 Number of TDC WC < # Received Words in TDC 6           :            0
 Number of TDC WC < # Received Words in TDC 7           :            0
 Number of TDC WC < # Received Words in TDC 8           :            0
 Number of TDC WC < # Received Words in TDC 9           :            0
 Number of TDC WC < # Received Words in TDC 10          :            0
 Number of TDC WC < # Received Words in TDC 11          :            0
 Number of TDC WC < # Received Words in TDC 12          :            0
 Number of TDC WC < # Received Words in TDC 13          :            0
 Number of TDC WC < # Received Words in TDC 14          :            0
 Number of TDC WC < # Received Words in TDC 15          :            0
 Number of TDC WC < # Received Words in TDC 16          :            0
 Number of TDC WC < # Received Words in TDC 17          :            0
 Number of Wrong CSM FIFO Overflows                     :            0
 Number of Wrong CSM FIFO Overflows in TDC 0            :            0
 Number of Wrong CSM FIFO Overflows in TDC 1            :            0
 Number of Wrong CSM FIFO Overflows in TDC 2            :            0
 Number of Wrong CSM FIFO Overflows in TDC 3            :            0
 Number of Wrong CSM FIFO Overflows in TDC 4            :            0
 Number of Wrong CSM FIFO Overflows in TDC 5            :            0
 Number of Wrong CSM FIFO Overflows in TDC 6            :            0
 Number of Wrong CSM FIFO Overflows in TDC 7            :            0
 Number of Wrong CSM FIFO Overflows in TDC 8            :            0
 Number of Wrong CSM FIFO Overflows in TDC 9            :            0
 Number of Wrong CSM FIFO Overflows in TDC 10           :            0
 Number of Wrong CSM FIFO Overflows in TDC 11           :            0
 Number of Wrong CSM FIFO Overflows in TDC 12           :            0
 Number of Wrong CSM FIFO Overflows in TDC 13           :            0
 Number of Wrong CSM FIFO Overflows in TDC 14           :            0
 Number of Wrong CSM FIFO Overflows in TDC 15           :            0
 Number of Wrong CSM FIFO Overflows in TDC 16           :            0
 Number of Wrong CSM FIFO Overflows in TDC 17           :            0
 Number of CSM FIFO Overflow 1                          :            1
 Number of CSM FIFO Overflow 1 in TDC 0                 :            1
 Number of CSM FIFO Overflow 1 in TDC 1                 :            0
 Number of CSM FIFO Overflow 1 in TDC 2                 :            0
 Number of CSM FIFO Overflow 1 in TDC 3                 :            0
 Number of CSM FIFO Overflow 1 in TDC 4                 :            0
 Number of CSM FIFO Overflow 1 in TDC 5                 :            0
 Number of CSM FIFO Overflow 1 in TDC 6                 :            0
 Number of CSM FIFO Overflow 1 in TDC 7                 :            0
 Number of CSM FIFO Overflow 1 in TDC 8                 :            0
 Number of CSM FIFO Overflow 1 in TDC 9                 :            0
 Number of CSM FIFO Overflow 1 in TDC 10                :            0
 Number of CSM FIFO Overflow 1 in TDC 11                :            0
 Number of CSM FIFO Overflow 1 in TDC 12                :            0
 Number of CSM FIFO Overflow 1 in TDC 13                :            0
 Number of CSM FIFO Overflow 1 in TDC 14                :            0
 Number of CSM FIFO Overflow 1 in TDC 15                :            0
 Number of CSM FIFO Overflow 1 in TDC 16                :            0
 Number of CSM FIFO Overflow 1 in TDC 17                :            0
 Number of CSM FIFO Overflow 2                          :            2
 Number of CSM FIFO Overflow 2 in TDC 0                 :            2
 Number of CSM FIFO Overflow 2 in TDC 1                 :            0
 Number of CSM FIFO Overflow 2 in TDC 2                 :            0
 Number of CSM FIFO Overflow 2 in TDC 3                 :            0
 Number of CSM FIFO Overflow 2 in TDC 4                 :            0
 Number of CSM FIFO Overflow 2 in TDC 5                 :            0
 Number of CSM FIFO Overflow 2 in TDC 6                 :            0
 Number of CSM FIFO Overflow 2 in TDC 7                 :            0
 Number of CSM FIFO Overflow 2 in TDC 8                 :            0
 Number of CSM FIFO Overflow 2 in TDC 9                 :            0
 Number of CSM FIFO Overflow 2 in TDC 10                :            0
 Number of CSM FIFO Overflow 2 in TDC 11                :            0
 Number of CSM FIFO Overflow 2 in TDC 12                :            0
 Number of CSM FIFO Overflow 2 in TDC 13                :            0
 Number of CSM FIFO Overflow 2 in TDC 14                :            0
 Number of CSM FIFO Overflow 2 in TDC 15                :            0
 Number of CSM FIFO Overflow 2 in TDC 16                :            0
 Number of CSM FIFO Overflow 2 in TDC 17                :            0
 Number of CSM FIFO Overflow 1&2                        :            0
 Number of CSM FIFO Overflow 1&2 in TDC 0               :            0
 Number of CSM FIFO Overflow 1&2 in TDC 1               :            0
 Number of CSM FIFO Overflow 1&2 in TDC 2               :            0
 Number of CSM FIFO Overflow 1&2 in TDC 3               :            0
 Number of CSM FIFO Overflow 1&2 in TDC 4               :            0
 Number of CSM FIFO Overflow 1&2 in TDC 5               :            0
 Number of CSM FIFO Overflow 1&2 in TDC 6               :            0
 Number of CSM FIFO Overflow 1&2 in TDC 7               :            0
 Number of CSM FIFO Overflow 1&2 in TDC 8               :            0
 Number of CSM FIFO Overflow 1&2 in TDC 9               :            0
 Number of CSM FIFO Overflow 1&2 in TDC 10              :            0
 Number of CSM FIFO Overflow 1&2 in TDC 11              :            0
 Number of CSM FIFO Overflow 1&2 in TDC 12              :            0
 Number of CSM FIFO Overflow 1&2 in TDC 13              :            0
 Number of CSM FIFO Overflow 1&2 in TDC 14              :            0
 Number of CSM FIFO Overflow 1&2 in TDC 15              :            0
 Number of CSM FIFO Overflow 1&2 in TDC 16              :            0
 Number of CSM FIFO Overflow 1&2 in TDC 17              :            0
 Number of CSM Event Prescale Error                     :            0
 Number of CSM Event Prescale Error in TDC 0            :            0
 Number of CSM Event Prescale Error in TDC 1            :            0
 Number of CSM Event Prescale Error in TDC 2            :            0
 Number of CSM Event Prescale Error in TDC 3            :            0
 Number of CSM Event Prescale Error in TDC 4            :            0
 Number of CSM Event Prescale Error in TDC 5            :            0
 Number of CSM Event Prescale Error in TDC 6            :            0
 Number of CSM Event Prescale Error in TDC 7            :            0
 Number of CSM Event Prescale Error in TDC 8            :            0
 Number of CSM Event Prescale Error in TDC 9            :            0
 Number of CSM Event Prescale Error in TDC 10           :            0
 Number of CSM Event Prescale Error in TDC 11           :            0
 Number of CSM Event Prescale Error in TDC 12           :            0
 Number of CSM Event Prescale Error in TDC 13           :            0
 Number of CSM Event Prescale Error in TDC 14           :            0
 Number of CSM Event Prescale Error in TDC 15           :            0
 Number of CSM Event Prescale Error in TDC 16           :            0
 Number of CSM Event Prescale Error in TDC 17           :            0
 Number of Requested Stop Run                           :            0
 Number of Requested Pause Run                          :            1
 Number of Total Received Words                         :       262144
 Number of Processed Events                             :            4
 Number of Data Words                                   :       262136
 Number of Data Words for Constructed Events            :           70
 Number of Good Cycles                                  :            0
 Number of Empty Cycles                                 :            0
 Number of Bad Cycles                                   :            8
 Number of Bad Cycles at Beginning                      :            4
 Current Event Size                                     :            0
 Minimum Event Size                                     :            5
 Maximum Event Size                                     :           25
 Number Buffer Pointer Error                            :            2
 Number of Parity Error (CSM to GOLACard)               :       261464
 Number of Parity Error (CSM to GOLACard) in TDC 0      :        14535
 Number of Parity Error (CSM to GOLACard) in TDC 1      :        14537
 Number of Parity Error (CSM to GOLACard) in TDC 2      :        14528
 Number of Parity Error (CSM to GOLACard) in TDC 3      :        14525
 Number of Parity Error (CSM to GOLACard) in TDC 4      :        14526
 Number of Parity Error (CSM to GOLACard) in TDC 5      :        14525
 Number of Parity Error (CSM to GOLACard) in TDC 6      :        14522
 Number of Parity Error (CSM to GOLACard) in TDC 7      :        14534
 Number of Parity Error (CSM to GOLACard) in TDC 8      :        14528
 Number of Parity Error (CSM to GOLACard) in TDC 9      :        14518
 Number of Parity Error (CSM to GOLACard) in TDC 10     :        14521
 Number of Parity Error (CSM to GOLACard) in TDC 11     :        14520
 Number of Parity Error (CSM to GOLACard) in TDC 12     :        14524
 Number of Parity Error (CSM to GOLACard) in TDC 13     :        14527
 Number of Parity Error (CSM to GOLACard) in TDC 14     :        14522
 Number of Parity Error (CSM to GOLACard) in TDC 15     :        14521
 Number of Parity Error (CSM to GOLACard) in TDC 16     :        14521
 Number of Parity Error (CSM to GOLACard) in TDC 17     :        14525
 Reported LHC Clock Unlocked in SynchWord               :            0
 Reported XMT1 Clock Unlocked in SynchWord              :            1
 Reported XMT2 Clock Unlocked in SynchWord              :            1
 Reported Phase Error in SynchWord                      :            0
 Reported I2C operation failure in SynchWord            :            0
 Reported Wrong TTCrx Setup in SynchWord                :            2
 Reported CSM Error in SynchWord                        :            1
 Reported Matched Triggers in SynchWord                 :            0
 Reported Same Triggers in SynchWord                    :            0
 Reported Trigger Low 16 Bits in SynchWord              :            0
 Reported Unmatched Trigger Low 16 Bits in SynchWord    :            0
 Reported Trigger High 16 Bits in SynchWord             :            0
 Reported Unmatched Trigger High 16 Bits in SynchWord   :            0
 Number of Unknown SynchWord                            :            2
