 -------- MiniDAQ Error Summary File -------------
 Number of word counter error                           :          246
 Number of mismatched BCID                              :            8
 Number of mismatched TDC BCID                          :            8
 Number of mismatched TDC BCID for TDC 1                :            2
 Number of mismatched TDC BCID for TDC 9                :            2
 Number of mismatched TDC BCID for TDC 10               :            2
 Number of mismatched TDC BCID for TDC 11               :            2
 Number of TDC hard-error words                         :          262
 Number of TDC error words                              :          262
 Number of TDC error words in TDC 1                     :           64
 Number of TDC error words in TDC 9                     :           66
 Number of TDC error words in TDC 10                    :           66
 Number of TDC error words in TDC 11                    :           66
 Number of TDC mask words                               :          262
 Number of TDC mask words in TDC 1                      :           64
 Number of TDC mask words in TDC 9                      :           66
 Number of TDC mask words in TDC 10                     :           66
 Number of TDC mask words in TDC 11                     :           66
 Number of TDC word counter mismatch                    :          246
 Number of TDC 1 word counter mismatch                  :           60
 Number of TDC 9 word counter mismatch                  :           62
 Number of TDC 10 word counter mismatch                 :           62
 Number of TDC 11 word counter mismatch                 :           62
 Number of Requested Stop Run                           :            1
 Number of Total Received Words                         :        32768
 Number of Data Words                                   :          948
 Number of Good Cycles                                  :          408
 Minimum Event Size                                     :      1000000
 Number Buffer Pointer Error                            :           66
 Reported Matched Triggers in SynchWord                 :           66
 Reported Trigger Low 16 Bits in SynchWord              :           66
 Reported Trigger High 16 Bits in SynchWord             :           66
 No data error has been found from data monitor.
