 -------- MiniDAQ Error Summary File -------------
 Number of analyzed events                              :         5517
 Number of event without TDC hits                       :          180
 Number of event without hits in TDC 1                  :          188
 Number of event without hits in TDC 8                  :         5387
 Number of event without hits in TDC 9                  :         5386
 Number of event without hits in TDC 10                 :         5374
 Number of event without hits in TDC 11                 :         5391
 Number of event only with TDC Header & Trailer         :          180
 Number of event only with Hds & Trls in TDC 1          :          188
 Number of event only with Hds & Trls in TDC 8          :         5387
 Number of event only with Hds & Trls in TDC 9          :         5386
 Number of event only with Hds & Trls in TDC 10         :         5374
 Number of event only with Hds & Trls in TDC 11         :         5391
 Number of Total Received Words                         :       524288
 Number of Processed Events                             :         5517
 Number of Data Words                                   :        69895
 Number of Data Words for Constructed Events            :        14715
 Number of Good Cycles                                  :        27595
 Maximum Event Size                                     :           32
 Reported Matched Triggers in SynchWord                 :         5518
 Reported Trigger Low 16 Bits in SynchWord              :         5518
 Reported Trigger High 16 Bits in SynchWord             :         5518
 No data error has been found from data monitor.
