 -------- MiniDAQ Error Summary File -------------
 Number of unexpected data words                        :        70381
 Number of unexpected data words for TDC 0              :        70381
 Number of CSM parity error words                       :        59527
 Number of parity errors in TDC 0                       :        59527
 Number of events with more TDC headers than expected   :           21
 Number of TDC mask words                               :         3305
 Number of TDC mask words in TDC 0                      :         3305
 Number of Empty TDC mask                               :         2226
 Number of extra TDCID=0 in TDCHeader                   :           21
 Number of Requested Stop Run                           :            1
 Number of Total Received Words                         :     31064064
 Number of Data Words                                   :        73778
 Number of Good Cycles                                  :      1635688
 Number of Empty Cycles                                 :      1561911
 Minimum Event Size                                     :      1000000
 Number Buffer Pointer Error                            :            1
 Reported Wrong TTCrx Setup in SynchWord                :      1635688
 Reported Matched Triggers in SynchWord                 :         7011
 Reported Trigger Low 16 Bits in SynchWord              :         7011
 Reported Trigger High 16 Bits in SynchWord             :         7011
 No data error has been found from data monitor.
