 -------- MiniDAQ Error Summary File -------------
 Number of analyzed events                              :      5742285
 Number of event without TDC hits                       :      5741553
 Number of event without hits in TDC 8                  :      5742285
 Number of event without hits in TDC 9                  :      5741997
 Number of event without hits in TDC 10                 :      5741841
 Number of event without hits in TDC 11                 :      5742285
 Number of event only with TDC Header & Trailer         :      5741553
 Number of event only with Hds & Trls in TDC 8          :      5742285
 Number of event only with Hds & Trls in TDC 9          :      5741997
 Number of event only with Hds & Trls in TDC 10         :      5741841
 Number of event only with Hds & Trls in TDC 11         :      5742285
 Number of Total Received Words                         :    254541824
 Number of Processed Events                             :      5742285
 Number of Data Words                                   :     45940013
 Number of Data Words for Constructed Events            :         1727
 Number of Good Cycles                                  :     13396939
 Maximum Event Size                                     :           22
 Reported Wrong TTCrx Setup in SynchWord                :       542026
 Reported Matched Triggers in SynchWord                 :      5742286
 Reported Trigger Low 16 Bits in SynchWord              :      5742286
 Reported Trigger High 16 Bits in SynchWord             :      5742286
 No data error has been found from data monitor.
