 -------- MiniDAQ Error Summary File -------------
 Number of analyzed events                              :        79986
 Number of event without TDC hits                       :        79522
 Number of event without hits in TDC 0                  :        79986
 Number of event without hits in TDC 1                  :        79979
 Number of event without hits in TDC 2                  :        79986
 Number of event without hits in TDC 3                  :        79525
 Number of event only with TDC Header & Trailer         :        79522
 Number of event only with Hds & Trls in TDC 0          :        79986
 Number of event only with Hds & Trls in TDC 1          :        79979
 Number of event only with Hds & Trls in TDC 2          :        79986
 Number of event only with Hds & Trls in TDC 3          :        79525
 Number of Total Received Words                         :      3473408
 Number of Processed Events                             :        79986
 Number of Data Words                                   :       640762
 Number of Data Words for Constructed Events            :          874
 Number of Good Cycles                                  :       182811
 Maximum Event Size                                     :            3
 Reported Wrong TTCrx Setup in SynchWord                :          435
 Reported Matched Triggers in SynchWord                 :        79986
 Reported Trigger Low 16 Bits in SynchWord              :        79986
 Reported Trigger High 16 Bits in SynchWord             :        79986
 No data error has been found from data monitor.
