 -------- MiniDAQ Error Summary File -------------
 Number of analyzed events                              :         6009
 Number of event without hits in TDC 8                  :         5076
 Number of event without hits in TDC 9                  :         4158
 Number of event without hits in TDC 10                 :         4187
 Number of event without hits in TDC 11                 :         5029
 Number of event only with Hds & Trls in TDC 8          :         5076
 Number of event only with Hds & Trls in TDC 9          :         4158
 Number of event only with Hds & Trls in TDC 10         :         4187
 Number of event only with Hds & Trls in TDC 11         :         5029
 Number of Total Received Words                         :       929792
 Number of Processed Events                             :         6009
 Number of Data Words                                   :       113485
 Number of Data Words for Constructed Events            :        53384
 Number of Good Cycles                                  :        48937
 Minimum Event Size                                     :            2
 Maximum Event Size                                     :          170
 Reported Wrong TTCrx Setup in SynchWord                :         2455
 Reported Matched Triggers in SynchWord                 :         6010
 Reported Trigger Low 16 Bits in SynchWord              :         6010
 Reported Trigger High 16 Bits in SynchWord             :         6010
 No data error has been found from data monitor.
