 -------- MiniDAQ Error Summary File -------------
 Number of unexpected data words                        :        30624
 Number of unexpected data words for TDC 0              :        30624
 Number of CSM parity error words                       :        22794
 Number of parity errors in TDC 0                       :        22794
 Number of events with more TDC headers than expected   :           22
 Number of TDC mask words                               :         2022
 Number of TDC mask words in TDC 0                      :         2022
 Number of Empty TDC mask                               :          766
 Number of extra TDCID=0 in TDCHeader                   :           22
 Number of Requested Stop Run                           :            1
 Number of Total Received Words                         :      3932160
 Number of Data Words                                   :        32796
 Number of Good Cycles                                  :       202924
 Number of Empty Cycles                                 :       170128
 Minimum Event Size                                     :      1000000
 Number Buffer Pointer Error                            :            2
 Reported Matched Triggers in SynchWord                 :          814
 Reported Trigger Low 16 Bits in SynchWord              :          814
 Reported Trigger High 16 Bits in SynchWord             :          814
 No data error has been found from data monitor.
