 -------- MiniDAQ Error Summary File -------------
 Number of analyzed events                              :        64761
 Number of event without TDC hits                       :        64608
 Number of event without hits in TDC 1                  :        64761
 Number of event without hits in TDC 8                  :        64738
 Number of event without hits in TDC 9                  :        64712
 Number of event without hits in TDC 10                 :        64731
 Number of event without hits in TDC 11                 :        64705
 Number of event only with TDC Header & Trailer         :        64608
 Number of event only with Hds & Trls in TDC 1          :        64761
 Number of event only with Hds & Trls in TDC 8          :        64738
 Number of event only with Hds & Trls in TDC 9          :        64712
 Number of event only with Hds & Trls in TDC 10         :        64731
 Number of event only with Hds & Trls in TDC 11         :        64705
 Number of Total Received Words                         :      3211264
 Number of Processed Events                             :        64761
 Number of Data Words                                   :       648296
 Number of Data Words for Constructed Events            :          681
 Number of Good Cycles                                  :       169014
 Maximum Event Size                                     :           24
 Reported Wrong TTCrx Setup in SynchWord                :        70310
 Reported Matched Triggers in SynchWord                 :        64762
 Reported Trigger Low 16 Bits in SynchWord              :        64762
 Reported Trigger High 16 Bits in SynchWord             :        64762
 No data error has been found from data monitor.
