 -------- MiniDAQ Error Summary File -------------
 Number of analyzed events                              :      3384024
 Number of event without TDC hits                       :      3356076
 Number of event without hits in TDC 1                  :      3384024
 Number of event without hits in TDC 8                  :      3382558
 Number of event without hits in TDC 9                  :      3373840
 Number of event without hits in TDC 10                 :      3367690
 Number of event without hits in TDC 11                 :      3383205
 Number of event only with TDC Header & Trailer         :      3356076
 Number of event only with Hds & Trls in TDC 1          :      3384024
 Number of event only with Hds & Trls in TDC 8          :      3382558
 Number of event only with Hds & Trls in TDC 9          :      3373840
 Number of event only with Hds & Trls in TDC 10         :      3367690
 Number of event only with Hds & Trls in TDC 11         :      3383205
 Number of Total Received Words                         :    169410560
 Number of Processed Events                             :      3384024
 Number of Data Words                                   :     33964900
 Number of Data Words for Constructed Events            :       124660
 Number of Good Cycles                                  :      8916346
 Maximum Event Size                                     :           38
 Reported Matched Triggers in SynchWord                 :      3384024
 Reported Trigger Low 16 Bits in SynchWord              :      3384025
 Reported Trigger High 16 Bits in SynchWord             :      3384024
 No data error has been found from data monitor.
