 -------- MiniDAQ Error Summary File -------------
 Number of analyzed events                              :     17610754
 Number of event without TDC hits                       :     17584505
 Number of event without hits in TDC 8                  :     17610754
 Number of event without hits in TDC 9                  :     17598373
 Number of event without hits in TDC 10                 :     17596226
 Number of event without hits in TDC 11                 :     17610754
 Number of event only with TDC Header & Trailer         :     17584505
 Number of event only with Hds & Trls in TDC 8          :     17610754
 Number of event only with Hds & Trls in TDC 9          :     17598373
 Number of event only with Hds & Trls in TDC 10         :     17596226
 Number of event only with Hds & Trls in TDC 11         :     17610754
 Number of Total Received Words                         :    782499840
 Number of Processed Events                             :     17610754
 Number of Data Words                                   :    140986215
 Number of Data Words for Constructed Events            :       100177
 Number of Good Cycles                                  :     41184203
 Maximum Event Size                                     :           39
 Reported Wrong TTCrx Setup in SynchWord                :      3203092
 Reported Matched Triggers in SynchWord                 :     17610755
 Reported Trigger Low 16 Bits in SynchWord              :     17615543
 Reported Trigger High 16 Bits in SynchWord             :     17610755
 No data error has been found from data monitor.
