 -------- MiniDAQ Error Summary File -------------
 Number of unexpected data words                        :     36437969
 Number of unexpected data words for TDC 0              :      2024306
 Number of unexpected data words for TDC 1              :      2024334
 Number of unexpected data words for TDC 2              :      2024334
 Number of unexpected data words for TDC 3              :      2024333
 Number of unexpected data words for TDC 4              :      2024335
 Number of unexpected data words for TDC 5              :      2024333
 Number of unexpected data words for TDC 6              :      2024334
 Number of unexpected data words for TDC 7              :      2024332
 Number of unexpected data words for TDC 8              :      2024334
 Number of unexpected data words for TDC 9              :      2024334
 Number of unexpected data words for TDC 10             :      2024333
 Number of unexpected data words for TDC 11             :      2024334
 Number of unexpected data words for TDC 12             :      2024332
 Number of unexpected data words for TDC 13             :      2024333
 Number of unexpected data words for TDC 14             :      2024332
 Number of unexpected data words for TDC 15             :      2024332
 Number of unexpected data words for TDC 16             :      2024332
 Number of unexpected data words for TDC 17             :      2024332
 Number of CSM parity error words                       :     36436838
 Number of parity errors in TDC 0                       :      2024263
 Number of parity errors in TDC 1                       :      2024267
 Number of parity errors in TDC 2                       :      2024269
 Number of parity errors in TDC 3                       :      2024264
 Number of parity errors in TDC 4                       :      2024274
 Number of parity errors in TDC 5                       :      2024264
 Number of parity errors in TDC 6                       :      2024275
 Number of parity errors in TDC 7                       :      2024267
 Number of parity errors in TDC 8                       :      2024275
 Number of parity errors in TDC 9                       :      2024275
 Number of parity errors in TDC 10                      :      2024270
 Number of parity errors in TDC 11                      :      2024271
 Number of parity errors in TDC 12                      :      2024266
 Number of parity errors in TDC 13                      :      2024267
 Number of parity errors in TDC 14                      :      2024270
 Number of parity errors in TDC 15                      :      2024260
 Number of parity errors in TDC 16                      :      2024266
 Number of parity errors in TDC 17                      :      2024275
 Number of reported errors in TDC edge word             :            1
 Number of reported errors in TDC 0 edge word           :            1
 Number of events with more TDC headers than expected   :           11
 Number of events with more TDC trailers than expected  :            6
 Number of TDC soft-error words                         :           10
 Number of TDC hard-error words                         :           10
 Number of TDC error words                              :           10
 Number of TDC coarse count errors                      :            5
 Number of TDC channel select errors                    :            4
 Number of TDC level 1 buffer errors                    :            3
 Number of TDC trigger FIFO errors                      :            1
 Number of TDC matching state errors                    :            2
 Number of TDC readout FIFO errors                      :            6
 Number of TDC readout state errors                     :            5
 Number of TDC control parity errors                    :            4
 Number of TDC JTAG parity errors                       :            4
 Number of TDC level 1 buffer overflow                  :            6
 Number of TDC trigger FIFO overflow                    :            7
 Number of TDC readout FIFO overflow                    :            5
 Number of TDC hit errors                               :            3
 Number of TDC channel buffer overflow                  :            9
 Number of TDC error words in TDC 0                     :           10
 Number of TDC mask words                               :            1
 Number of TDC mask words in TDC 0                      :            1
 Number of TDC debug words                              :           15
 Number of TDC debug words in TDC 0                     :           15
 Number of extra TDCID=1 in TDCHeader                   :            1
 Number of extra TDCID=2 in TDCHeader                   :            1
 Number of extra TDCID=3 in TDCHeader                   :            1
 Number of extra TDCID=5 in TDCHeader                   :            1
 Number of extra TDCID=6 in TDCHeader                   :            1
 Number of extra TDCID=10 in TDCHeader                  :            1
 Number of extra TDCID=12 in TDCHeader                  :            2
 Number of extra TDCID=14 in TDCHeader                  :            1
 Number of extra TDCID=15 in TDCHeader                  :            1
 Number of extra TDCID=16 in TDCHeader                  :            1
 Number of extra TDCID=3 in TDCTrailer                  :            1
 Number of extra TDCID=5 in TDCTrailer                  :            1
 Number of extra TDCID=7 in TDCTrailer                  :            3
 Number of extra TDCID=17 in TDCTrailer                 :            1
 Number of CSM FIFO Overflow 1                          :            3
 Number of CSM FIFO Overflow 1 in TDC 0                 :            3
 Number of CSM FIFO Overflow 2                          :            3
 Number of CSM FIFO Overflow 2 in TDC 0                 :            3
 Number of CSM FIFO Overflow 1&2                        :            1
 Number of CSM FIFO Overflow 1&2 in TDC 0               :            1
 Number of Requested Pause Run                          :            1
 Number of Total Received Words                         :     36438016
 Number of Data Words                                   :     36438015
 Number of Bad Cycles                                   :            1
 Number of Bad Cycles at Beginning                      :          556
 Minimum Event Size                                     :      1000000
 Number Buffer Pointer Error                            :            1
 Number of Parity Error (CSM to GOLACard)               :     36437305
 Number of Parity Error (CSM to GOLACard) in TDC 0      :      2024288
 Number of Parity Error (CSM to GOLACard) in TDC 1      :      2024293
 Number of Parity Error (CSM to GOLACard) in TDC 2      :      2024295
 Number of Parity Error (CSM to GOLACard) in TDC 3      :      2024298
 Number of Parity Error (CSM to GOLACard) in TDC 4      :      2024297
 Number of Parity Error (CSM to GOLACard) in TDC 5      :      2024301
 Number of Parity Error (CSM to GOLACard) in TDC 6      :      2024292
 Number of Parity Error (CSM to GOLACard) in TDC 7      :      2024298
 Number of Parity Error (CSM to GOLACard) in TDC 8      :      2024302
 Number of Parity Error (CSM to GOLACard) in TDC 9      :      2024299
 Number of Parity Error (CSM to GOLACard) in TDC 10     :      2024297
 Number of Parity Error (CSM to GOLACard) in TDC 11     :      2024295
 Number of Parity Error (CSM to GOLACard) in TDC 12     :      2024302
 Number of Parity Error (CSM to GOLACard) in TDC 13     :      2024291
 Number of Parity Error (CSM to GOLACard) in TDC 14     :      2024292
 Number of Parity Error (CSM to GOLACard) in TDC 15     :      2024286
 Number of Parity Error (CSM to GOLACard) in TDC 16     :      2024291
 Number of Parity Error (CSM to GOLACard) in TDC 17     :      2024288
 Number of Unknown SynchWord                            :            1
 No data error has been found from data monitor.
