 -------- MiniDAQ Error Summary File -------------
 Number of analyzed events                              :          107
 Number of event without hits in TDC 8                  :           96
 Number of event without hits in TDC 9                  :           86
 Number of event without hits in TDC 10                 :           70
 Number of event without hits in TDC 11                 :           90
 Number of event only with Hds & Trls in TDC 8          :           96
 Number of event only with Hds & Trls in TDC 9          :           86
 Number of event only with Hds & Trls in TDC 10         :           70
 Number of event only with Hds & Trls in TDC 11         :           90
 Number of Total Received Words                         :        16384
 Number of Processed Events                             :          107
 Number of Data Words                                   :         1985
 Number of Data Words for Constructed Events            :          898
 Number of Good Cycles                                  :          863
 Minimum Event Size                                     :            2
 Maximum Event Size                                     :           66
 Reported Matched Triggers in SynchWord                 :          108
 Reported Trigger Low 16 Bits in SynchWord              :          108
 Reported Trigger High 16 Bits in SynchWord             :          108
 No data error has been found from data monitor.
