 -------- MiniDAQ Error Summary File -------------
 Number of analyzed events                              :     35459777
 Number of event without TDC hits                       :     35409234
 Number of event without hits in TDC 8                  :     35457117
 Number of event without hits in TDC 9                  :     35438592
 Number of event without hits in TDC 10                 :     35432604
 Number of event without hits in TDC 11                 :     35459106
 Number of event only with TDC Header & Trailer         :     35409234
 Number of event only with Hds & Trls in TDC 8          :     35457117
 Number of event only with Hds & Trls in TDC 9          :     35438592
 Number of event only with Hds & Trls in TDC 10         :     35432604
 Number of event only with Hds & Trls in TDC 11         :     35459106
 Number of Total Received Words                         :   1575288832
 Number of Processed Events                             :     35459777
 Number of Data Words                                   :    283864222
 Number of Data Words for Constructed Events            :       186005
 Number of Good Cycles                                  :     82909939
 Maximum Event Size                                     :           34
 Reported Wrong TTCrx Setup in SynchWord                :      6389318
 Reported Matched Triggers in SynchWord                 :     35459777
 Reported Trigger Low 16 Bits in SynchWord              :     35459778
 Reported Trigger High 16 Bits in SynchWord             :     35459777
 No data error has been found from data monitor.
