 -------- MiniDAQ Error Summary File -------------
 Number of analyzed events                              :        59871
 Number of event without TDC hits                       :        55324
 Number of event without hits in TDC 1                  :        59706
 Number of event without hits in TDC 8                  :        58371
 Number of event without hits in TDC 9                  :        58119
 Number of event without hits in TDC 10                 :        58150
 Number of event without hits in TDC 11                 :        58330
 Number of event only with TDC Header & Trailer         :        55324
 Number of event only with Hds & Trls in TDC 1          :        59706
 Number of event only with Hds & Trls in TDC 8          :        58371
 Number of event only with Hds & Trls in TDC 9          :        58119
 Number of event only with Hds & Trls in TDC 10         :        58150
 Number of event only with Hds & Trls in TDC 11         :        58330
 Number of Total Received Words                         :      3604480
 Number of Processed Events                             :        59871
 Number of Data Words                                   :       643898
 Number of Data Words for Constructed Events            :       164924
 Number of Good Cycles                                  :       189710
 Minimum Event Size                                     :            2
 Maximum Event Size                                     :           66
 Reported Matched Triggers in SynchWord                 :        59872
 Reported Trigger Low 16 Bits in SynchWord              :        59872
 Reported Trigger High 16 Bits in SynchWord             :        59872
 No data error has been found from data monitor.
