 -------- MiniDAQ Error Summary File -------------
 Number of analyzed events                              :         5714
 Number of event without TDC hits                       :          215
 Number of event without hits in TDC 1                  :          229
 Number of event without hits in TDC 8                  :         5552
 Number of event without hits in TDC 9                  :         5549
 Number of event without hits in TDC 10                 :         5537
 Number of event without hits in TDC 11                 :         5541
 Number of event only with TDC Header & Trailer         :          215
 Number of event only with Hds & Trls in TDC 1          :          229
 Number of event only with Hds & Trls in TDC 8          :         5552
 Number of event only with Hds & Trls in TDC 9          :         5549
 Number of event only with Hds & Trls in TDC 10         :         5537
 Number of event only with Hds & Trls in TDC 11         :         5541
 Number of Total Received Words                         :       540672
 Number of Processed Events                             :         5714
 Number of Data Words                                   :        72770
 Number of Data Words for Constructed Events            :        15629
 Number of Good Cycles                                  :        28457
 Maximum Event Size                                     :           54
 Reported Matched Triggers in SynchWord                 :         5714
 Reported Trigger Low 16 Bits in SynchWord              :         5715
 Reported Trigger High 16 Bits in SynchWord             :         5714
 No data error has been found from data monitor.
