 MiniDAQ Run Logfile
 CSM Program Version Number :                                                        0x025
 CSMVersionDate (YYYYMMDDhh):                                                   2014011411
 CSM Board Status           :                                                      Unknown
 AMT Phase Error Bits Only  :                            (JTAG Instr=0x35) ErrBits=0x00000
 AMT Full Phase Error Bits  :                 (JTAG Instr=0x3c) PhaseErr=0 ErrBits=0x00000
 AMT Full Phase Samples     :   (JTAG Instr=0x3c) PhaseSamples (17-0) = 888888888888888888
 Run Number                 :                                                       187671
 Full DAQ Initialization    :                                                     Not Done
 Run Started Time           :                                     Thu Feb 28 2019 19:11:17
 Data File Name             :                                 dat/run00187671_20190228.dat
 # Event                    :                                                           26
 # Monitored Event          :                                                           26
 # Event With Error         :                                                           26
 # Requested Pause          :                                                            0
 Threshold Settings         :                                                    From User
 # Mezzanine Cards          :                                                            5
 MezzCard Enable Mask(17-0) :                                       00 0000 1111 0000 0010
 Mezz.Card Init. Status     :                                                      Unknown
 # Init. With Same Setting  :                                                            0
 Common Init. Mask(17-0)    :                                       00 0000 0000 0000 0000
 # Init. Individually       :                                                            1
 Individual Init. Mask(17-0):                                       00 0000 0000 0000 0010
 Mezz.Card  1 Init. Status  :                      0x00000002 (Success Init. Individually)
   ASD1 Main Threshold (mV) :                                -34 (DAC Setting Value = 110)
   ASD1 Hysteresis (mV)     :                                     8.75 (Setting Value = 7)
   ASD2 Main Threshold (mV) :                                -34 (DAC Setting Value = 110)
   ASD2 Hysteresis (mV)     :                                     8.75 (Setting Value = 7)
   ASD3 Main Threshold (mV) :                                -34 (DAC Setting Value = 110)
   ASD3 Hysteresis (mV)     :                                     8.75 (Setting Value = 7)
   ASD1 Calib.Capacitor (fF):                                    50 (Calib.Cap. Value = 0)
   ASD1 Wil.Integ.Gate (ns) :                          15.5 (W.Integration Gate Value = 3)
   ASD1 Wil.RundownCurr.(uA):                            4.5 (W.Rundown Current Value = 4)
   ASD1 Wil. Threshold (mV) :                           94 (Wilkinson Threshold Value = 2)
   ASD1 Deadtime (ns)       :                                   536.3 (Deadtime Value = 7)
   ASD1 Chip Mode           :                                         ADC (Mode Value = 1)
   ASD2 Calib.Capacitor (fF):                                    50 (Calib.Cap. Value = 0)
   ASD2 Wil.Integ.Gate (ns) :                          15.5 (W.Integration Gate Value = 3)
   ASD2 Wil.RundownCurr.(uA):                            4.5 (W.Rundown Current Value = 4)
   ASD2 Wil. Threshold (mV) :                           94 (Wilkinson Threshold Value = 2)
   ASD2 Deadtime (ns)       :                                   536.3 (Deadtime Value = 7)
   ASD2 Chip Mode           :                                         ADC (Mode Value = 1)
   ASD3 Calib.Capacitor (fF):                                    50 (Calib.Cap. Value = 0)
   ASD3 Wil.Integ.Gate (ns) :                          15.5 (W.Integration Gate Value = 3)
   ASD3 Wil.RundownCurr.(uA):                            4.5 (W.Rundown Current Value = 4)
   ASD3 Wil. Threshold (mV) :                           94 (Wilkinson Threshold Value = 2)
   ASD3 Deadtime (ns)       :                                   536.3 (Deadtime Value = 7)
   ASD3 Chip Mode           :                                         ADC (Mode Value = 1)
   AMT Match Window (us)    :                              1.275 (Match Window Value = 50)
   AMT Channel Enable Mask  :                                                   0x00FFFFFF
   ASD Channel Enable Mask  :                                                   0x00000000
   AMT Setup Array (179-120): 111111111111111111111111000111111111110101111001101111111011
   AMT Setup Array (119- 60): 100000000001111111111111000000000000111110101111000000000000
   AMT Setup Array ( 59-  0): 111110000111000000110010000001001011000000011110000100000100
   ASD3 Setup Array( 52-  0):        00000000000000000111001110011100100111011000000000000
   ASD2 Setup Array( 52-  0):        00000000000000000111001110011100100111011000000000000
   ASD1 Setup Array( 52-  0):        00000000000000000111001110011100100111011000000000000
 CSM JTAG Device Enable     :                                                            1
 CSM (VertexII) Init. Status:                                                      Unknown
   AMT Command Delay        :                                                           52
   CSM Setup Array ( 71- 60):                                                 110010001100
   CSM Setup Array ( 59-  0): 001100001101001010010000110000000011010001000000111100000010
   CSM Internal Status      :                                                        Ready
   CSM StatusArray (205-180):                                   00000000000000000101011000
   CSM StatusArray (179-120): 000100100011101110000010100111100101010001101000000000000000
   CSM StatusArray (119- 60): 000000000000000000000000000000000000000000001000110000000000
   CSM StatusArray ( 59-  0): 000000000000000000000000000000000000000000111111000000100101
 TTCrx Enable               :                                                            1
 TTCrx Init. Status         :                                                      Unknown
   TTCrxSetupArray ( 79- 60):                                         10100111100101010001
   TTCrxSetupArray ( 59-  0): 101000000000000000000000000000100011000000000000000000000000
 GOL Enable                 :                                                            0
 MDT Chamber HV Status      :                                                            3
 Suppress CSM Header        :                                                            1
 Suppress CSM Trailer       :                                                            1
 Suppress TDC Header        :                                                            1
 Suppress TDC Trailer       :                                                            1
 Setted Trigger Deadtime (%):                                                            0
 TTCvi Event Number         :                                                           97
 TTCvi Trigger Selection    :                                                            2
 TrigRate (Hz) (Ave Min Max):                         1.3819         1.1572         1.9323
 DAQ Rate (Hz) (Ave Min Max):                         1.3000         0.0000         2.5553
 Event Size    (Ave Min Max):                        10.9615              1             29
 DAQ Time                   :                                                     0H 0M25S
 Run Stopped Time           :                                     Thu Feb 28 2019 19:11:53
