 -------- MiniDAQ Error Summary File -------------
 Number of analyzed events                              :        23533
 Number of event without TDC hits                       :        23130
 Number of event without hits in TDC 1                  :        23394
 Number of event without hits in TDC 8                  :        23475
 Number of event without hits in TDC 9                  :        23424
 Number of event without hits in TDC 10                 :        23435
 Number of event without hits in TDC 11                 :        23492
 Number of event only with TDC Header & Trailer         :        23130
 Number of event only with Hds & Trls in TDC 1          :        23394
 Number of event only with Hds & Trls in TDC 8          :        23475
 Number of event only with Hds & Trls in TDC 9          :        23424
 Number of event only with Hds & Trls in TDC 10         :        23435
 Number of event only with Hds & Trls in TDC 11         :        23492
 Number of Total Received Words                         :      1179648
 Number of Processed Events                             :        23533
 Number of Data Words                                   :       236342
 Number of Data Words for Constructed Events            :         1007
 Number of Good Cycles                                  :        62087
 Maximum Event Size                                     :           24
 Reported Matched Triggers in SynchWord                 :        23534
 Reported Trigger Low 16 Bits in SynchWord              :        23534
 Reported Trigger High 16 Bits in SynchWord             :        23534
 No data error has been found from data monitor.
