 -------- MiniDAQ Error Summary File -------------
 Number of analyzed events                              :       625925
 Number of event without TDC hits                       :       578167
 Number of event without hits in TDC 1                  :       624787
 Number of event without hits in TDC 8                  :       609648
 Number of event without hits in TDC 9                  :       607681
 Number of event without hits in TDC 10                 :       607600
 Number of event without hits in TDC 11                 :       609739
 Number of event only with TDC Header & Trailer         :       578167
 Number of event only with Hds & Trls in TDC 1          :       624787
 Number of event only with Hds & Trls in TDC 8          :       609648
 Number of event only with Hds & Trls in TDC 9          :       607681
 Number of event only with Hds & Trls in TDC 10         :       607600
 Number of event only with Hds & Trls in TDC 11         :       609739
 Number of Total Received Words                         :     37896192
 Number of Processed Events                             :       625925
 Number of Data Words                                   :      6743160
 Number of Data Words for Constructed Events            :       483904
 Number of Good Cycles                                  :      1994537
 Maximum Event Size                                     :          218
 Reported Wrong TTCrx Setup in SynchWord                :       251986
 Reported Matched Triggers in SynchWord                 :       625926
 Reported Trigger Low 16 Bits in SynchWord              :       625926
 Reported Trigger High 16 Bits in SynchWord             :       625926
 No data error has been found from data monitor.
