 -------- MiniDAQ Error Summary File -------------
 Number of analyzed events                              :         1503
 Number of event without TDC hits                       :            1
 Number of event without hits in TDC 1                  :            1
 Number of event without hits in TDC 8                  :         1462
 Number of event without hits in TDC 9                  :         1443
 Number of event without hits in TDC 10                 :         1450
 Number of event without hits in TDC 11                 :         1454
 Number of event only with TDC Header & Trailer         :            1
 Number of event only with Hds & Trls in TDC 1          :            1
 Number of event only with Hds & Trls in TDC 8          :         1462
 Number of event only with Hds & Trls in TDC 9          :         1443
 Number of event only with Hds & Trls in TDC 10         :         1450
 Number of event only with Hds & Trls in TDC 11         :         1454
 Number of Total Received Words                         :       147456
 Number of Processed Events                             :         1503
 Number of Data Words                                   :        19491
 Number of Data Words for Constructed Events            :         4451
 Number of Good Cycles                                  :         7761
 Maximum Event Size                                     :           34
 Reported Matched Triggers in SynchWord                 :         1504
 Reported Trigger Low 16 Bits in SynchWord              :         1504
 Reported Trigger High 16 Bits in SynchWord             :         1504
 No data error has been found from data monitor.
