 -------- MiniDAQ Error Summary File -------------
 Number of analyzed events                              :       100938
 Number of event without TDC hits                       :           35
 Number of event without hits in TDC 1                  :           35
 Number of event without hits in TDC 8                  :        98149
 Number of event without hits in TDC 9                  :        97714
 Number of event without hits in TDC 10                 :        97760
 Number of event without hits in TDC 11                 :        98169
 Number of event only with TDC Header & Trailer         :           35
 Number of event only with Hds & Trls in TDC 1          :           35
 Number of event only with Hds & Trls in TDC 8          :        98149
 Number of event only with Hds & Trls in TDC 9          :        97714
 Number of event only with Hds & Trls in TDC 10         :        97760
 Number of event only with Hds & Trls in TDC 11         :        98169
 Number of Total Received Words                         :      9732096
 Number of Processed Events                             :       100938
 Number of Data Words                                   :      1294127
 Number of Data Words for Constructed Events            :       284747
 Number of Good Cycles                                  :       512216
 Maximum Event Size                                     :          142
 Reported Wrong TTCrx Setup in SynchWord                :        27192
 Reported Matched Triggers in SynchWord                 :       100938
 Reported Trigger Low 16 Bits in SynchWord              :       100938
 Reported Trigger High 16 Bits in SynchWord             :       100938
 No data error has been found from data monitor.
