 MiniDAQ Run Logfile
 CSM Program Version Number :                                                        0x025
 CSMVersionDate (YYYYMMDDhh):                                                   2014011411
 CSM Board Status           :                                                  JTAG Failed
 Run Number                 :                                                       187306
 Full DAQ Initialization    :                                                     Not Done
 Run Started Time           :                                     Thu Jan 10 2019 18:19:05
 Data File Name             :                                 dat/run00187306_20190110.dat
 # Event                    :                                                            0
 # Monitored Event          :                                                            0
 # Event With Error         :                                                            0
 # Requested Pause          :                                                            0
 Threshold Settings         :                                                    From User
 # Mezzanine Cards          :                                                            1
 MezzCard Enable Mask(17-0) :                                       00 0000 0000 0000 0010
 Mezz.Card Init. Status     :                                                    Not Apply
 # Init. With Same Setting  :                                                            0
 Common Init. Mask(17-0)    :                                       00 0000 0000 0000 0000
 # Init. Individually       :                                                            0
 Individual Init. Mask(17-0):                                       00 0000 0000 0000 0000
 CSM JTAG Device Enable     :                                                            0
 TTCrx Enable               :                                                            0
 GOL Enable                 :                                                            0
 MDT Chamber HV Status      :                                                            3
 Suppress CSM Header        :                                                            1
 Suppress CSM Trailer       :                                                            1
 Suppress TDC Header        :                                                            1
 Suppress TDC Trailer       :                                                            1
 Setted Trigger Deadtime (%):                                                            0
 TTCvi Event Number         :                                                       139246
 TTCvi Trigger Selection    :                                                            5
 TTCvi Trigger Rate (Hz)    :                                                         5000
 TrigRate (Hz) (Ave Min Max):                      8611.5000      9468.2539      9542.4199
 DAQ Rate (Hz) (Ave Min Max):                         0.0000         0.0000         0.0000
 Event Size    (Ave Min Max):                         0.0000              0              0
 DAQ Time                   :                                                     0H 0M 6S
 Run Stopped Time           :                                     Thu Jan 10 2019 18:19:15
