 -------- MiniDAQ Error Summary File -------------
 Number of word counter error                           :          186
 Number of TDC hard-error words                         :          196
 Number of TDC error words                              :          196
 Number of TDC error words in TDC 8                     :           66
 Number of TDC error words in TDC 9                     :           66
 Number of TDC error words in TDC 11                    :           64
 Number of TDC mask words                               :          196
 Number of TDC mask words in TDC 8                      :           66
 Number of TDC mask words in TDC 9                      :           66
 Number of TDC mask words in TDC 11                     :           64
 Number of TDC word counter mismatch                    :          186
 Number of TDC 8 word counter mismatch                  :           62
 Number of TDC 9 word counter mismatch                  :           62
 Number of TDC 11 word counter mismatch                 :           62
 Number of Requested Stop Run                           :            1
 Number of Total Received Words                         :        32768
 Number of Data Words                                   :          710
 Number of Good Cycles                                  :          232
 Minimum Event Size                                     :      1000000
 Number Buffer Pointer Error                            :           64
 Reported Matched Triggers in SynchWord                 :           64
 Reported Trigger Low 16 Bits in SynchWord              :           66
 Reported Trigger High 16 Bits in SynchWord             :           64
 No data error has been found from data monitor.
