 -------- MiniDAQ Error Summary File -------------
 Number of analyzed events                              :         3480
 Number of event without TDC hits                       :          118
 Number of event without hits in TDC 1                  :          130
 Number of event without hits in TDC 8                  :         3382
 Number of event without hits in TDC 9                  :         3368
 Number of event without hits in TDC 10                 :         3372
 Number of event without hits in TDC 11                 :         3409
 Number of event only with TDC Header & Trailer         :          118
 Number of event only with Hds & Trls in TDC 1          :          130
 Number of event only with Hds & Trls in TDC 8          :         3382
 Number of event only with Hds & Trls in TDC 9          :         3368
 Number of event only with Hds & Trls in TDC 10         :         3372
 Number of event only with Hds & Trls in TDC 11         :         3409
 Number of Total Received Words                         :       327680
 Number of Processed Events                             :         3480
 Number of Data Words                                   :        44042
 Number of Data Words for Constructed Events            :         9241
 Number of Good Cycles                                  :        17247
 Maximum Event Size                                     :           40
 Reported Wrong TTCrx Setup in SynchWord                :        17247
 Reported Matched Triggers in SynchWord                 :         3480
 Reported Trigger Low 16 Bits in SynchWord              :         3481
 Reported Trigger High 16 Bits in SynchWord             :         3480
 No data error has been found from data monitor.
