 -------- MiniDAQ Error Summary File -------------
 Number of analyzed events                              :       124406
 Number of event without TDC hits                       :       124394
 Number of event without hits in TDC 8                  :       124406
 Number of event without hits in TDC 9                  :       124399
 Number of event without hits in TDC 10                 :       124401
 Number of event without hits in TDC 11                 :       124406
 Number of event only with TDC Header & Trailer         :       124394
 Number of event only with Hds & Trls in TDC 8          :       124406
 Number of event only with Hds & Trls in TDC 9          :       124399
 Number of event only with Hds & Trls in TDC 10         :       124401
 Number of event only with Hds & Trls in TDC 11         :       124406
 Number of Total Received Words                         :      5373952
 Number of Processed Events                             :       124406
 Number of Data Words                                   :       995269
 Number of Data Words for Constructed Events            :           19
 Number of Good Cycles                                  :       282840
 Maximum Event Size                                     :            2
 Reported Matched Triggers in SynchWord                 :       124406
 Reported Trigger Low 16 Bits in SynchWord              :       124407
 Reported Trigger High 16 Bits in SynchWord             :       124406
 No data error has been found from data monitor.
