 -------- MiniDAQ Error Summary File -------------
 Number of analyzed events                              :        11878
 Number of event without TDC hits                       :            5
 Number of event without hits in TDC 1                  :            5
 Number of event without hits in TDC 8                  :        11547
 Number of event without hits in TDC 9                  :        11486
 Number of event without hits in TDC 10                 :        11516
 Number of event without hits in TDC 11                 :        11531
 Number of event only with TDC Header & Trailer         :            5
 Number of event only with Hds & Trls in TDC 1          :            5
 Number of event only with Hds & Trls in TDC 8          :        11547
 Number of event only with Hds & Trls in TDC 9          :        11486
 Number of event only with Hds & Trls in TDC 10         :        11516
 Number of event only with Hds & Trls in TDC 11         :        11531
 Number of Total Received Words                         :      1146880
 Number of Processed Events                             :        11878
 Number of Data Words                                   :       152451
 Number of Data Words for Constructed Events            :        33667
 Number of Good Cycles                                  :        60363
 Maximum Event Size                                     :           60
 Reported Matched Triggers in SynchWord                 :        11879
 Reported Trigger Low 16 Bits in SynchWord              :        11879
 Reported Trigger High 16 Bits in SynchWord             :        11879
 No data error has been found from data monitor.
