 -------- MiniDAQ Error Summary File -------------
 Number of analyzed events                              :      2207287
 Number of event without TDC hits                       :      2203251
 Number of event without hits in TDC 1                  :      2203263
 Number of event without hits in TDC 8                  :      2207274
 Number of event without hits in TDC 9                  :      2207286
 Number of event without hits in TDC 10                 :      2207285
 Number of event without hits in TDC 11                 :      2211269
 Number of event only with TDC Header & Trailer         :      2203251
 Number of event only with Hds & Trls in TDC 1          :      2203263
 Number of event only with Hds & Trls in TDC 8          :      2207274
 Number of event only with Hds & Trls in TDC 9          :      2207286
 Number of event only with Hds & Trls in TDC 10         :      2207285
 Number of event only with Hds & Trls in TDC 11         :      2207285
 Number of Total Received Words                         :    109182976
 Number of Processed Events                             :      2207287
 Number of Data Words                                   :     22081018
 Number of Data Words for Constructed Events            :         8147
 Number of Good Cycles                                  :      5746473
 Maximum Event Size                                     :          206
 Reported Matched Triggers in SynchWord                 :      2207287
 Reported Trigger Low 16 Bits in SynchWord              :      2207288
 Reported Trigger High 16 Bits in SynchWord             :      2207287
 No data error has been found from data monitor.
