 -------- MiniDAQ Error Summary File -------------
 Number of analyzed events                              :       159063
 Number of event without TDC hits                       :         3997
 Number of event without hits in TDC 1                  :         4332
 Number of event without hits in TDC 8                  :       155024
 Number of event without hits in TDC 9                  :       154545
 Number of event without hits in TDC 10                 :       154467
 Number of event without hits in TDC 11                 :       155041
 Number of event only with TDC Header & Trailer         :         3997
 Number of event only with Hds & Trls in TDC 1          :         4332
 Number of event only with Hds & Trls in TDC 8          :       155024
 Number of event only with Hds & Trls in TDC 9          :       154545
 Number of event only with Hds & Trls in TDC 10         :       154467
 Number of event only with Hds & Trls in TDC 11         :       155041
 Number of Total Received Words                         :     15368192
 Number of Processed Events                             :       159063
 Number of Data Words                                   :      2035905
 Number of Data Words for Constructed Events            :       445275
 Number of Good Cycles                                  :       808853
 Current Event Size                                     :            2
 Maximum Event Size                                     :          240
 Reported Wrong TTCrx Setup in SynchWord                :       175751
 Reported Matched Triggers in SynchWord                 :       159063
 Reported Trigger Low 16 Bits in SynchWord              :       159063
 Reported Trigger High 16 Bits in SynchWord             :       159063
 No data error has been found from data monitor.
