 -------- MiniDAQ Error Summary File -------------
 Number of analyzed events                              :      1414735
 Number of event without TDC hits                       :      1410815
 Number of event without hits in TDC 1                  :      1410817
 Number of event without hits in TDC 8                  :      1414733
 Number of event without hits in TDC 9                  :      1414735
 Number of event without hits in TDC 10                 :      1414735
 Number of event without hits in TDC 11                 :      1414735
 Number of event only with TDC Header & Trailer         :      1410815
 Number of event only with Hds & Trls in TDC 1          :      1410817
 Number of event only with Hds & Trls in TDC 8          :      1414733
 Number of event only with Hds & Trls in TDC 9          :      1414735
 Number of event only with Hds & Trls in TDC 10         :      1414735
 Number of event only with Hds & Trls in TDC 11         :      1414735
 Number of Total Received Words                         :     70057984
 Number of Processed Events                             :      1414735
 Number of Data Words                                   :     14155063
 Number of Data Words for Constructed Events            :         7713
 Number of Good Cycles                                  :      3687263
 Maximum Event Size                                     :            2
 Reported Matched Triggers in SynchWord                 :      1414735
 Reported Trigger Low 16 Bits in SynchWord              :      1414736
 Reported Trigger High 16 Bits in SynchWord             :      1414735
 No data error has been found from data monitor.
