 -------- MiniDAQ Error Summary File -------------
 Number of word counter error                           :          114
 Number of mismatched EVID                              :           32
 Number of mismatched BCID                              :           32
 Number of unexpected data words                        :           28
 Number of unexpected data words for TDC 1              :            4
 Number of unexpected data words for TDC 8              :           12
 Number of unexpected data words for TDC 10             :            6
 Number of unexpected data words for TDC 11             :            6
 Number of CSM parity error words                       :           10
 Number of parity errors in TDC 8                       :            6
 Number of parity errors in TDC 10                      :            2
 Number of parity errors in TDC 11                      :            2
 Number of mismatched TDC BCID                          :           32
 Number of mismatched TDC BCID for TDC 1                :           12
 Number of mismatched TDC BCID for TDC 10               :           10
 Number of mismatched TDC BCID for TDC 11               :           10
 Number of mismatched EVID in TDC trailer               :           32
 Number of mismatched EVID in TDC trailer for TDC 1     :           12
 Number of mismatched EVID in TDC trailer for TDC 10    :           10
 Number of mismatched EVID in TDC trailer for TDC 11    :           10
 Number of events with more TDC headers than expected   :           40
 Number of events with more TDC trailers than expected  :           10
 Number of TDC hard-error words                         :          132
 Number of TDC error words                              :          132
 Number of TDC error words in TDC 1                     :           44
 Number of TDC error words in TDC 10                    :           44
 Number of TDC error words in TDC 11                    :           44
 Number of TDC mask words                               :          132
 Number of TDC mask words in TDC 1                      :           44
 Number of TDC mask words in TDC 10                     :           44
 Number of TDC mask words in TDC 11                     :           44
 Number of extra TDCID=1 in TDCHeader                   :           12
 Number of extra TDCID=10 in TDCHeader                  :           14
 Number of extra TDCID=11 in TDCHeader                  :           14
 Number of extra TDCID=1 in TDCTrailer                  :            2
 Number of extra TDCID=10 in TDCTrailer                 :            6
 Number of extra TDCID=11 in TDCTrailer                 :            2
 Number of TDC word counter mismatch                    :          114
 Number of TDC 1 word counter mismatch                  :           42
 Number of TDC 10 word counter mismatch                 :           36
 Number of TDC 11 word counter mismatch                 :           36
 Number of Requested Stop Run                           :            1
 Number of Total Received Words                         :       131072
 Number of Data Words                                   :          458
 Number of Good Cycles                                  :          152
 Minimum Event Size                                     :      1000000
 Number Buffer Pointer Error                            :           28
 Reported Wrong TTCrx Setup in SynchWord                :          152
 Reported Matched Triggers in SynchWord                 :            4
 Reported Trigger Low 16 Bits in SynchWord              :            4
 Reported Trigger High 16 Bits in SynchWord             :            4
 No data error has been found from data monitor.
