 -------- MiniDAQ Error Summary File -------------
 Number of analyzed events                              :      7713885
 Number of event without TDC hits                       :      7713852
 Number of event without hits in TDC 1                  :      7713852
 Number of event without hits in TDC 8                  :      7713885
 Number of event without hits in TDC 9                  :      7713885
 Number of event without hits in TDC 10                 :      7713885
 Number of event without hits in TDC 11                 :      7713885
 Number of event only with TDC Header & Trailer         :      7713852
 Number of event only with Hds & Trls in TDC 1          :      7713852
 Number of event only with Hds & Trls in TDC 8          :      7713885
 Number of event only with Hds & Trls in TDC 9          :      7713885
 Number of event only with Hds & Trls in TDC 10         :      7713885
 Number of event only with Hds & Trls in TDC 11         :      7713885
 Number of Total Received Words                         :    381616128
 Number of Processed Events                             :      7713885
 Number of Data Words                                   :     77138937
 Number of Data Words for Constructed Events            :           82
 Number of Good Cycles                                  :     20085060
 Maximum Event Size                                     :            4
 Reported Wrong TTCrx Setup in SynchWord                :      1512828
 Reported Matched Triggers in SynchWord                 :      7713886
 Reported Trigger Low 16 Bits in SynchWord              :      7713886
 Reported Trigger High 16 Bits in SynchWord             :      7713886
 No data error has been found from data monitor.
