 -------- MiniDAQ Error Summary File -------------
 Number of unexpected data words                        :         2476
 Number of unexpected data words for TDC 0              :         2476
 Number of CSM parity error words                       :         1380
 Number of parity errors in TDC 0                       :         1380
 Number of events with more TDC headers than expected   :           26
 Number of TDC mask words                               :          404
 Number of TDC mask words in TDC 0                      :          404
 Number of Empty TDC mask                               :           22
 Number of extra TDCID=0 in TDCHeader                   :           26
 Number of Requested Stop Run                           :            1
 Number of Total Received Words                         :       131072
 Number of Data Words                                   :         3034
 Number of Good Cycles                                  :         3544
 Number of Empty Cycles                                 :          510
 Minimum Event Size                                     :      1000000
 Number Buffer Pointer Error                            :            2
 Reported Matched Triggers in SynchWord                 :           14
 Reported Trigger Low 16 Bits in SynchWord              :           14
 Reported Trigger High 16 Bits in SynchWord             :           14
 No data error has been found from data monitor.
