 -------- MiniDAQ Error Summary File -------------
 Number of mismatched EVID                              :            2
 Number of unexpected data words                        :     36175723
 Number of unexpected data words for TDC 0              :      2009771
 Number of unexpected data words for TDC 1              :      2009745
 Number of unexpected data words for TDC 2              :      2009771
 Number of unexpected data words for TDC 3              :      2009772
 Number of unexpected data words for TDC 4              :      2009771
 Number of unexpected data words for TDC 5              :      2009767
 Number of unexpected data words for TDC 6              :      2009767
 Number of unexpected data words for TDC 7              :      2009769
 Number of unexpected data words for TDC 8              :      2009739
 Number of unexpected data words for TDC 9              :      2009745
 Number of unexpected data words for TDC 10             :      2009747
 Number of unexpected data words for TDC 11             :      2009751
 Number of unexpected data words for TDC 12             :      2009770
 Number of unexpected data words for TDC 13             :      2009766
 Number of unexpected data words for TDC 14             :      2009770
 Number of unexpected data words for TDC 15             :      2009767
 Number of unexpected data words for TDC 16             :      2009768
 Number of unexpected data words for TDC 17             :      2009767
 Number of CSM parity error words                       :     36174664
 Number of parity errors in TDC 0                       :      2009698
 Number of parity errors in TDC 1                       :      2009707
 Number of parity errors in TDC 2                       :      2009700
 Number of parity errors in TDC 3                       :      2009715
 Number of parity errors in TDC 4                       :      2009708
 Number of parity errors in TDC 5                       :      2009710
 Number of parity errors in TDC 6                       :      2009708
 Number of parity errors in TDC 7                       :      2009704
 Number of parity errors in TDC 8                       :      2009701
 Number of parity errors in TDC 9                       :      2009706
 Number of parity errors in TDC 10                      :      2009704
 Number of parity errors in TDC 11                      :      2009696
 Number of parity errors in TDC 12                      :      2009698
 Number of parity errors in TDC 13                      :      2009708
 Number of parity errors in TDC 14                      :      2009704
 Number of parity errors in TDC 15                      :      2009702
 Number of parity errors in TDC 16                      :      2009698
 Number of parity errors in TDC 17                      :      2009697
 Number of mismatched EVID in TDC trailer               :            2
 Number of mismatched EVID in TDC trailer for TDC 1     :            1
 Number of mismatched EVID in TDC trailer for TDC 9     :            1
 Number of events with more TDC headers than expected   :           10
 Number of events with more TDC trailers than expected  :           10
 Number of TDC soft-error words                         :           37
 Number of TDC hard-error words                         :           26
 Number of TDC error words                              :           37
 Number of TDC coarse count errors                      :           17
 Number of TDC channel select errors                    :           15
 Number of TDC level 1 buffer errors                    :           16
 Number of TDC trigger FIFO errors                      :           12
 Number of TDC matching state errors                    :           14
 Number of TDC readout FIFO errors                      :           29
 Number of TDC readout state errors                     :           27
 Number of TDC control parity errors                    :           21
 Number of TDC JTAG parity errors                       :           18
 Number of TDC level 1 buffer overflow                  :           24
 Number of TDC trigger FIFO overflow                    :           28
 Number of TDC readout FIFO overflow                    :           19
 Number of TDC hit errors                               :           13
 Number of TDC channel buffer overflow                  :           27
 Number of TDC error words in TDC 1                     :           15
 Number of TDC error words in TDC 8                     :            6
 Number of TDC error words in TDC 9                     :            4
 Number of TDC error words in TDC 10                    :            8
 Number of TDC error words in TDC 11                    :            4
 Number of TDC mask words                               :           26
 Number of TDC mask words in TDC 1                      :            9
 Number of TDC mask words in TDC 8                      :            5
 Number of TDC mask words in TDC 9                      :            4
 Number of TDC mask words in TDC 10                     :            7
 Number of TDC mask words in TDC 11                     :            1
 Number of TDC debug words                              :           82
 Number of TDC debug words in TDC 1                     :           10
 Number of TDC debug words in TDC 8                     :           25
 Number of TDC debug words in TDC 9                     :           18
 Number of TDC debug words in TDC 10                    :           15
 Number of TDC debug words in TDC 11                    :           14
 Number of extra TDCID=2 in TDCHeader                   :            1
 Number of extra TDCID=5 in TDCHeader                   :            3
 Number of extra TDCID=6 in TDCHeader                   :            3
 Number of extra TDCID=13 in TDCHeader                  :            2
 Number of extra TDCID=17 in TDCHeader                  :            1
 Number of extra TDCID=0 in TDCTrailer                  :            1
 Number of extra TDCID=5 in TDCTrailer                  :            1
 Number of extra TDCID=6 in TDCTrailer                  :            1
 Number of extra TDCID=7 in TDCTrailer                  :            2
 Number of extra TDCID=13 in TDCTrailer                 :            2
 Number of extra TDCID=15 in TDCTrailer                 :            2
 Number of extra TDCID=16 in TDCTrailer                 :            1
 Number of Discarded TDC Leading/Error by CSM           :          386
 Number of Discarded TDC Leading/Mask by CSM in TDC 1   :          179
 Number of Discarded TDC Leading/Mask by CSM in TDC 9   :          207
 Number of Discarded TDC Words by CSM                   :          386
 Number of Discarded TDC Words by CSM in TDC 1          :          179
 Number of Discarded TDC Words by CSM in TDC 9          :          207
 Number of Expected TDC WC Error                        :            2
 Number of Expected TDC WC Error in TDC 1               :            1
 Number of Expected TDC WC Error in TDC 9               :            1
 Number of CSM FIFO Overflow 1                          :            3
 Number of CSM FIFO Overflow 1 in TDC 1                 :            1
 Number of CSM FIFO Overflow 1 in TDC 8                 :            1
 Number of CSM FIFO Overflow 1 in TDC 11                :            1
 Number of CSM FIFO Overflow 2                          :           12
 Number of CSM FIFO Overflow 2 in TDC 1                 :            6
 Number of CSM FIFO Overflow 2 in TDC 8                 :            1
 Number of CSM FIFO Overflow 2 in TDC 9                 :            3
 Number of CSM FIFO Overflow 2 in TDC 10                :            1
 Number of CSM FIFO Overflow 2 in TDC 11                :            1
 Number of CSM FIFO Overflow 1&2                        :            3
 Number of CSM FIFO Overflow 1&2 in TDC 1               :            1
 Number of CSM FIFO Overflow 1&2 in TDC 8               :            1
 Number of CSM FIFO Overflow 1&2 in TDC 11              :            1
 Number of Requested Pause Run                          :            1
 Number of Total Received Words                         :     36175872
 Number of Data Words                                   :     36175869
 Number of Bad Cycles                                   :            3
 Number of Bad Cycles at Beginning                      :          552
 Minimum Event Size                                     :      1000000
 Number Buffer Pointer Error                            :            2
 Number of Parity Error (CSM to GOLACard)               :     36175177
 Number of Parity Error (CSM to GOLACard) in TDC 0      :      2009738
 Number of Parity Error (CSM to GOLACard) in TDC 1      :      2009732
 Number of Parity Error (CSM to GOLACard) in TDC 2      :      2009738
 Number of Parity Error (CSM to GOLACard) in TDC 3      :      2009732
 Number of Parity Error (CSM to GOLACard) in TDC 4      :      2009733
 Number of Parity Error (CSM to GOLACard) in TDC 5      :      2009732
 Number of Parity Error (CSM to GOLACard) in TDC 6      :      2009731
 Number of Parity Error (CSM to GOLACard) in TDC 7      :      2009733
 Number of Parity Error (CSM to GOLACard) in TDC 8      :      2009735
 Number of Parity Error (CSM to GOLACard) in TDC 9      :      2009729
 Number of Parity Error (CSM to GOLACard) in TDC 10     :      2009725
 Number of Parity Error (CSM to GOLACard) in TDC 11     :      2009728
 Number of Parity Error (CSM to GOLACard) in TDC 12     :      2009732
 Number of Parity Error (CSM to GOLACard) in TDC 13     :      2009731
 Number of Parity Error (CSM to GOLACard) in TDC 14     :      2009740
 Number of Parity Error (CSM to GOLACard) in TDC 15     :      2009741
 Number of Parity Error (CSM to GOLACard) in TDC 16     :      2009722
 Number of Parity Error (CSM to GOLACard) in TDC 17     :      2009724
 Number of Unknown SynchWord                            :            2
 No data error has been found from data monitor.
