 -------- MiniDAQ Error Summary File -------------
 Number of analyzed events                              :      1184608
 Number of event without TDC hits                       :      1175244
 Number of event without hits in TDC 1                  :      1183787
 Number of event without hits in TDC 8                  :      1176042
 Number of event without hits in TDC 9                  :      1184606
 Number of event without hits in TDC 10                 :      1184608
 Number of event without hits in TDC 11                 :      1184607
 Number of event only with TDC Header & Trailer         :      1175244
 Number of event only with Hds & Trls in TDC 1          :      1183787
 Number of event only with Hds & Trls in TDC 8          :      1176042
 Number of event only with Hds & Trls in TDC 9          :      1184606
 Number of event only with Hds & Trls in TDC 10         :      1184608
 Number of event only with Hds & Trls in TDC 11         :      1184607
 Number of Total Received Words                         :     58851328
 Number of Processed Events                             :      1184608
 Number of Data Words                                   :     11864829
 Number of Data Words for Constructed Events            :        18749
 Number of Good Cycles                                  :      3097439
 Maximum Event Size                                     :            6
 Reported Matched Triggers in SynchWord                 :      1184608
 Reported Trigger Low 16 Bits in SynchWord              :      1184609
 Reported Trigger High 16 Bits in SynchWord             :      1184608
 No data error has been found from data monitor.
