 -------- MiniDAQ Error Summary File -------------
 Number of word counter error                           :           62
 Number of mismatched BCID                              :            2
 Number of mismatched TDC BCID                          :            2
 Number of mismatched TDC BCID for TDC 1                :            2
 Number of TDC hard-error words                         :           68
 Number of TDC error words                              :           68
 Number of TDC error words in TDC 1                     :           46
 Number of TDC error words in TDC 8                     :           22
 Number of TDC mask words                               :           68
 Number of TDC mask words in TDC 1                      :           46
 Number of TDC mask words in TDC 8                      :           22
 Number of TDC word counter mismatch                    :           62
 Number of TDC 1 word counter mismatch                  :           42
 Number of TDC 8 word counter mismatch                  :           20
 Number of Requested Stop Run                           :            1
 Number of Total Received Words                         :      1048576
 Number of Data Words                                   :          200
 Number of Good Cycles                                  :        48886
 Number of Empty Cycles                                 :        48692
 Minimum Event Size                                     :      1000000
 Number Buffer Pointer Error                            :           64
 Reported Matched Triggers in SynchWord                 :           46
 Reported Trigger Low 16 Bits in SynchWord              :           46
 Reported Trigger High 16 Bits in SynchWord             :           46
 No data error has been found from data monitor.
