 -------- MiniDAQ Error Summary File -------------
 Number of analyzed events                              :     21574068
 Number of event without TDC hits                       :     21546548
 Number of event without hits in TDC 1                  :     21557350
 Number of event without hits in TDC 8                  :     21563313
 Number of event without hits in TDC 9                  :     21577749
 Number of event without hits in TDC 10                 :     21574064
 Number of event without hits in TDC 11                 :     21574035
 Number of event only with TDC Header & Trailer         :     21546548
 Number of event only with Hds & Trls in TDC 1          :     21557350
 Number of event only with Hds & Trls in TDC 8          :     21563313
 Number of event only with Hds & Trls in TDC 9          :     21574016
 Number of event only with Hds & Trls in TDC 10         :     21574064
 Number of event only with Hds & Trls in TDC 11         :     21574035
 Number of Total Received Words                         :   1066926080
 Number of Processed Events                             :     21574068
 Number of Data Words                                   :    215794775
 Number of Data Words for Constructed Events            :        54117
 Number of Good Cycles                                  :     56154005
 Maximum Event Size                                     :            6
 Reported Wrong TTCrx Setup in SynchWord                :       745208
 Reported Matched Triggers in SynchWord                 :     21574068
 Reported Trigger Low 16 Bits in SynchWord              :     21574069
 Reported Trigger High 16 Bits in SynchWord             :     21574068
 No data error has been found from data monitor.
