 -------- MiniDAQ Error Summary File -------------
 Number of analyzed events                              :     11601177
 Number of event without TDC hits                       :     11586206
 Number of event without hits in TDC 1                  :     11601177
 Number of event without hits in TDC 8                  :     11599399
 Number of event without hits in TDC 9                  :     11594791
 Number of event without hits in TDC 10                 :     11595408
 Number of event without hits in TDC 11                 :     11599464
 Number of event only with TDC Header & Trailer         :     11586206
 Number of event only with Hds & Trls in TDC 1          :     11601177
 Number of event only with Hds & Trls in TDC 8          :     11599399
 Number of event only with Hds & Trls in TDC 9          :     11594791
 Number of event only with Hds & Trls in TDC 10         :     11595408
 Number of event only with Hds & Trls in TDC 11         :     11599464
 Number of Total Received Words                         :    574160896
 Number of Processed Events                             :     11601177
 Number of Data Words                                   :    116070235
 Number of Data Words for Constructed Events            :        58458
 Number of Good Cycles                                  :     30218995
 Maximum Event Size                                     :           32
 Reported Wrong TTCrx Setup in SynchWord                :      1197777
 Reported Matched Triggers in SynchWord                 :     11601178
 Reported Trigger Low 16 Bits in SynchWord              :     11601178
 Reported Trigger High 16 Bits in SynchWord             :     11601178
 No data error has been found from data monitor.
