 -------- MiniDAQ Error Summary File -------------
 Number of analyzed events                              :       129804
 Number of event without TDC hits                       :       129044
 Number of event without hits in TDC 0                  :       129804
 Number of event without hits in TDC 1                  :       129804
 Number of event without hits in TDC 2                  :       129804
 Number of event without hits in TDC 3                  :       129044
 Number of event only with TDC Header & Trailer         :       129044
 Number of event only with Hds & Trls in TDC 0          :       129804
 Number of event only with Hds & Trls in TDC 1          :       129804
 Number of event only with Hds & Trls in TDC 2          :       129804
 Number of event only with Hds & Trls in TDC 3          :       129044
 Number of Total Received Words                         :      5636096
 Number of Processed Events                             :       129804
 Number of Data Words                                   :      1039872
 Number of Data Words for Constructed Events            :         1440
 Number of Good Cycles                                  :       296637
 Maximum Event Size                                     :            4
 Reported Wrong TTCrx Setup in SynchWord                :       296637
 Reported Matched Triggers in SynchWord                 :       129804
 Reported Trigger Low 16 Bits in SynchWord              :       129804
 Reported Trigger High 16 Bits in SynchWord             :       129804
 No data error has been found from data monitor.
