 -------- MiniDAQ Error Summary File -------------
 Number of analyzed events                              :         1349
 Number of event without TDC hits                       :           44
 Number of event without hits in TDC 1                  :           49
 Number of event without hits in TDC 8                  :         1311
 Number of event without hits in TDC 9                  :         1299
 Number of event without hits in TDC 10                 :         1304
 Number of event without hits in TDC 11                 :         1315
 Number of event only with TDC Header & Trailer         :           44
 Number of event only with Hds & Trls in TDC 1          :           49
 Number of event only with Hds & Trls in TDC 8          :         1311
 Number of event only with Hds & Trls in TDC 9          :         1299
 Number of event only with Hds & Trls in TDC 10         :         1304
 Number of event only with Hds & Trls in TDC 11         :         1315
 Number of Total Received Words                         :       131072
 Number of Processed Events                             :         1349
 Number of Data Words                                   :        17309
 Number of Data Words for Constructed Events            :         3810
 Number of Good Cycles                                  :         6899
 Maximum Event Size                                     :           50
 Reported Matched Triggers in SynchWord                 :         1350
 Reported Trigger Low 16 Bits in SynchWord              :         1350
 Reported Trigger High 16 Bits in SynchWord             :         1350
 No data error has been found from data monitor.
