 -------- MiniDAQ Error Summary File -------------
 Number of word counter error                           :          186
 Number of mismatched BCID                              :           66
 Number of mismatched TDC BCID                          :           66
 Number of mismatched TDC BCID for TDC 11               :           66
 Number of TDC hard-error words                         :          202
 Number of TDC error words                              :          202
 Number of TDC error words in TDC 8                     :           68
 Number of TDC error words in TDC 9                     :           68
 Number of TDC error words in TDC 11                    :           66
 Number of TDC mask words                               :          202
 Number of TDC mask words in TDC 8                      :           68
 Number of TDC mask words in TDC 9                      :           68
 Number of TDC mask words in TDC 11                     :           66
 Number of TDC word counter mismatch                    :          186
 Number of TDC 8 word counter mismatch                  :           62
 Number of TDC 9 word counter mismatch                  :           62
 Number of TDC 11 word counter mismatch                 :           62
 Number of Requested Stop Run                           :            1
 Number of Total Received Words                         :        32768
 Number of Data Words                                   :          732
 Number of Good Cycles                                  :          226
 Minimum Event Size                                     :      1000000
 Number Buffer Pointer Error                            :           62
 Reported Matched Triggers in SynchWord                 :           66
 Reported Trigger Low 16 Bits in SynchWord              :           68
 Reported Trigger High 16 Bits in SynchWord             :           66
 No data error has been found from data monitor.
