 -------- MiniDAQ Error Summary File -------------
 Number of analyzed events                              :         6514
 Number of event without hits in TDC 8                  :         5459
 Number of event without hits in TDC 9                  :         4310
 Number of event without hits in TDC 10                 :         4426
 Number of event without hits in TDC 11                 :         5421
 Number of event only with Hds & Trls in TDC 8          :         5459
 Number of event only with Hds & Trls in TDC 9          :         4310
 Number of event only with Hds & Trls in TDC 10         :         4426
 Number of event only with Hds & Trls in TDC 11         :         5421
 Number of Total Received Words                         :      1036288
 Number of Processed Events                             :         6514
 Number of Data Words                                   :       125959
 Number of Data Words for Constructed Events            :        60806
 Number of Good Cycles                                  :        54542
 Minimum Event Size                                     :            2
 Maximum Event Size                                     :          156
 Reported Wrong TTCrx Setup in SynchWord                :         1671
 Reported Matched Triggers in SynchWord                 :         6515
 Reported Trigger Low 16 Bits in SynchWord              :         6515
 Reported Trigger High 16 Bits in SynchWord             :         6515
 No data error has been found from data monitor.
